2024-07-17 00:07:58 info: ================================
2024-07-17 00:07:58 info: ========== ENV: development =========
2024-07-17 00:07:58 info: 🚀 App listening on the port 4000
2024-07-17 00:07:58 info: ================================
2024-07-17 00:08:02 info: ======================
2024-07-17 00:08:02 info: MongoDB Connected:
2024-07-17 00:08:02 info: ======================
2024-07-17 00:10:46 info: ================================
2024-07-17 00:10:46 info: ========== ENV: development =========
2024-07-17 00:10:46 info: 🚀 App listening on the port 4000
2024-07-17 00:10:46 info: ================================
2024-07-17 00:10:48 info: ======================
2024-07-17 00:10:48 info: RabbitMQ Connected:
2024-07-17 00:10:48 info: ======================
2024-07-17 00:10:51 info: ======================
2024-07-17 00:10:51 info: MongoDB Connected:
2024-07-17 00:10:51 info: ======================
2024-07-17 00:13:44 info: ::1 - - [16/Jul/2024:23:13:44 +0000] "PATCH /api/transactions/6696f35b495455204515f95b HTTP/1.1" 202 55
2024-07-17 00:32:23 info: ================================
2024-07-17 00:32:23 info: ========== ENV: development =========
2024-07-17 00:32:23 info: 🚀 App listening on the port 4000
2024-07-17 00:32:23 info: ================================
2024-07-17 00:32:25 info: ======================
2024-07-17 00:32:25 info: RabbitMQ Connected:
2024-07-17 00:32:25 info: ======================
2024-07-17 00:32:28 info: ======================
2024-07-17 00:32:28 info: MongoDB Connected:
2024-07-17 00:32:28 info: ======================
2024-07-17 00:32:32 info: ::1 - - [16/Jul/2024:23:32:32 +0000] "PATCH /api/transactions/6696f35b495455204515f95b HTTP/1.1" 403 91
2024-07-17 00:32:50 info: ::1 - - [16/Jul/2024:23:32:50 +0000] "POST /api/auth/signin HTTP/1.1" 200 330
2024-07-17 00:33:23 info: ::1 - - [16/Jul/2024:23:33:23 +0000] "PATCH /api/transactions/6696f35b495455204515f95b HTTP/1.1" 202 55
2024-07-17 00:42:43 info: ================================
2024-07-17 00:42:43 info: ========== ENV: development =========
2024-07-17 00:42:43 info: 🚀 App listening on the port 4000
2024-07-17 00:42:43 info: ================================
2024-07-17 00:42:44 info: ======================
2024-07-17 00:42:44 info: RabbitMQ Connected:
2024-07-17 00:42:44 info: ======================
2024-07-17 00:42:47 info: ======================
2024-07-17 00:42:47 info: MongoDB Connected:
2024-07-17 00:42:48 info: ======================
2024-07-17 00:46:03 info: ================================
2024-07-17 00:46:03 info: ========== ENV: development =========
2024-07-17 00:46:03 info: 🚀 App listening on the port 4000
2024-07-17 00:46:03 info: ================================
2024-07-17 00:46:04 info: ======================
2024-07-17 00:46:04 info: RabbitMQ Connected:
2024-07-17 00:46:04 info: ======================
2024-07-17 00:46:07 info: ======================
2024-07-17 00:46:07 info: MongoDB Connected:
2024-07-17 00:46:07 info: ======================
2024-07-17 00:46:11 info: ::1 - - [16/Jul/2024:23:46:11 +0000] "PATCH /api/transactions/6696f35b495455204515f95b HTTP/1.1" 202 55
2024-07-17 01:04:59 info: ================================
2024-07-17 01:04:59 info: ========== ENV: development =========
2024-07-17 01:04:59 info: 🚀 App listening on the port 4000
2024-07-17 01:04:59 info: ================================
2024-07-17 01:05:00 info: ======================
2024-07-17 01:05:00 info: RabbitMQ Connected:
2024-07-17 01:05:00 info: ======================
2024-07-17 01:05:03 info: ======================
2024-07-17 01:05:03 info: MongoDB Connected:
2024-07-17 01:05:03 info: ======================
2024-07-17 01:05:09 info: ::1 - - [17/Jul/2024:00:05:09 +0000] "PATCH /api/transactions/6696f35b495455204515f95b HTTP/1.1" 202 55
2024-07-17 01:06:09 info: ================================
2024-07-17 01:06:09 info: ========== ENV: development =========
2024-07-17 01:06:09 info: 🚀 App listening on the port 4000
2024-07-17 01:06:09 info: ================================
2024-07-17 01:06:11 info: ======================
2024-07-17 01:06:11 info: RabbitMQ Connected:
2024-07-17 01:06:11 info: ======================
2024-07-17 01:06:11 info: ======================
2024-07-17 01:06:11 info: MongoDB Connected:
2024-07-17 01:06:11 info: ======================
2024-07-17 01:06:36 info: ::1 - - [17/Jul/2024:00:06:36 +0000] "PATCH /api/transactions/6696f35b495455204515f95b HTTP/1.1" 202 55
2024-07-17 01:35:15 info: ================================
2024-07-17 01:35:15 info: ========== ENV: development =========
2024-07-17 01:35:15 info: 🚀 App listening on the port 4000
2024-07-17 01:35:15 info: ================================
2024-07-17 01:35:17 info: ======================
2024-07-17 01:35:17 info: RabbitMQ Connected:
2024-07-17 01:35:17 info: ======================
2024-07-17 01:35:20 info: ======================
2024-07-17 01:35:20 info: MongoDB Connected:
2024-07-17 01:35:20 info: ======================
2024-07-17 01:35:29 info: ::1 - - [17/Jul/2024:00:35:29 +0000] "PATCH /api/transactions/6696f35b495455204515f95b HTTP/1.1" 403 91
2024-07-17 01:35:37 info: ::1 - - [17/Jul/2024:00:35:37 +0000] "POST /api/auth/signin HTTP/1.1" 200 330
2024-07-17 01:35:59 info: ::1 - - [17/Jul/2024:00:35:59 +0000] "PATCH /api/transactions/6696f35b495455204515f95b HTTP/1.1" 202 55
2024-07-17 01:37:37 info: ================================
2024-07-17 01:37:37 info: ========== ENV: development =========
2024-07-17 01:37:37 info: 🚀 App listening on the port 4000
2024-07-17 01:37:37 info: ================================
2024-07-17 01:37:37 error: ======================
2024-07-17 01:37:37 error: Failed to connect to RabbitMQ: 
2024-07-17 01:37:37 error: ======================
2024-07-17 01:37:42 info: ======================
2024-07-17 01:37:42 info: MongoDB Connected:
2024-07-17 01:37:42 info: ======================
2024-07-17 01:37:49 info: ================================
2024-07-17 01:37:49 info: ========== ENV: development =========
2024-07-17 01:37:49 info: 🚀 App listening on the port 4000
2024-07-17 01:37:49 info: ================================
2024-07-17 01:37:49 error: ======================
2024-07-17 01:37:49 error: Failed to connect to RabbitMQ: 
2024-07-17 01:37:49 error: ======================
2024-07-17 01:37:51 info: ======================
2024-07-17 01:37:51 info: MongoDB Connected:
2024-07-17 01:37:51 info: ======================
2024-07-17 01:38:39 info: ================================
2024-07-17 01:38:39 info: ========== ENV: development =========
2024-07-17 01:38:39 info: 🚀 App listening on the port 4000
2024-07-17 01:38:39 info: ================================
2024-07-17 01:38:39 error: ======================
2024-07-17 01:38:39 error: Failed to connect to RabbitMQ: 
2024-07-17 01:38:39 error: ======================
2024-07-17 01:38:41 info: ======================
2024-07-17 01:38:41 info: MongoDB Connected:
2024-07-17 01:38:41 info: ======================
2024-07-17 01:39:25 info: ================================
2024-07-17 01:39:25 info: ========== ENV: development =========
2024-07-17 01:39:25 info: 🚀 App listening on the port 4000
2024-07-17 01:39:25 info: ================================
2024-07-17 01:39:25 error: ======================
2024-07-17 01:39:25 error: Failed to connect to RabbitMQ: 
2024-07-17 01:39:25 error: ======================
2024-07-17 01:39:29 info: ======================
2024-07-17 01:39:29 info: MongoDB Connected:
2024-07-17 01:39:29 info: ======================
2024-07-17 01:41:21 info: ================================
2024-07-17 01:41:21 info: ========== ENV: development =========
2024-07-17 01:41:21 info: 🚀 App listening on the port 4000
2024-07-17 01:41:21 info: ================================
2024-07-17 01:41:21 error: ======================
2024-07-17 01:41:21 error: Failed to connect to RabbitMQ: 
2024-07-17 01:41:21 error: ======================
2024-07-17 01:41:26 info: ======================
2024-07-17 01:41:26 info: MongoDB Connected:
2024-07-17 01:41:26 info: ======================
2024-07-17 01:42:03 info: ================================
2024-07-17 01:42:03 info: ========== ENV: development =========
2024-07-17 01:42:03 info: 🚀 App listening on the port 4000
2024-07-17 01:42:03 info: ================================
2024-07-17 01:42:04 info: ======================
2024-07-17 01:42:04 info: RabbitMQ Connected:
2024-07-17 01:42:04 info: ======================
2024-07-17 01:42:05 info: ======================
2024-07-17 01:42:05 info: MongoDB Connected:
2024-07-17 01:42:05 info: ======================
2024-07-17 01:42:45 info: ================================
2024-07-17 01:42:45 info: ========== ENV: development =========
2024-07-17 01:42:45 info: 🚀 App listening on the port 4000
2024-07-17 01:42:45 info: ================================
2024-07-17 01:42:49 info: ======================
2024-07-17 01:42:49 info: MongoDB Connected:
2024-07-17 01:42:49 info: ======================
2024-07-17 01:43:09 info: ::1 - - [17/Jul/2024:00:43:09 +0000] "PATCH /api/transactions/6696f35b495455204515f95b HTTP/1.1" 202 55
2024-07-17 01:49:10 info: ::1 - - [17/Jul/2024:00:49:10 +0000] "PATCH /api/transactions/6696f35b495455204515f95b HTTP/1.1" 202 55
2024-07-17 01:49:19 info: ::1 - - [17/Jul/2024:00:49:19 +0000] "PATCH /api/transactions/6696f35b495455204515f95b HTTP/1.1" 202 55
2024-07-17 01:49:52 info: ::1 - - [17/Jul/2024:00:49:52 +0000] "PATCH /api/transactions/6696f35b495455204515f95b HTTP/1.1" 202 55
2024-07-17 01:49:55 info: ::1 - - [17/Jul/2024:00:49:55 +0000] "PATCH /api/transactions/6696f35b495455204515f95b HTTP/1.1" 202 55
2024-07-17 01:49:58 info: ::1 - - [17/Jul/2024:00:49:58 +0000] "PATCH /api/transactions/6696f35b495455204515f95b HTTP/1.1" 202 55
2024-07-17 01:54:25 info: ================================
2024-07-17 01:54:25 info: ========== ENV: development =========
2024-07-17 01:54:25 info: 🚀 App listening on the port 4000
2024-07-17 01:54:25 info: ================================
2024-07-17 01:54:29 info: ======================
2024-07-17 01:54:29 info: MongoDB Connected:
2024-07-17 01:54:29 info: ======================
2024-07-17 01:54:34 info: ::1 - - [17/Jul/2024:00:54:34 +0000] "PATCH /api/transactions/6696f35b495455204515f95b HTTP/1.1" 202 55
2024-07-17 01:57:00 info: ================================
2024-07-17 01:57:00 info: ========== ENV: development =========
2024-07-17 01:57:00 info: 🚀 App listening on the port 4000
2024-07-17 01:57:00 info: ================================
2024-07-17 01:57:05 info: ======================
2024-07-17 01:57:05 info: MongoDB Connected:
2024-07-17 01:57:05 info: ======================
2024-07-17 01:57:09 info: ::1 - - [17/Jul/2024:00:57:09 +0000] "PATCH /api/transactions/6696f35b495455204515f95b HTTP/1.1" 202 55
2024-07-17 02:14:17 info: ================================
2024-07-17 02:14:17 info: ========== ENV: development =========
2024-07-17 02:14:17 info: 🚀 App listening on the port 4000
2024-07-17 02:14:17 info: ================================
2024-07-17 02:14:22 info: ======================
2024-07-17 02:14:22 info: MongoDB Connected:
2024-07-17 02:14:22 info: ======================
2024-07-17 02:15:11 info: ================================
2024-07-17 02:15:11 info: ========== ENV: development =========
2024-07-17 02:15:11 info: 🚀 App listening on the port 4000
2024-07-17 02:15:11 info: ================================
2024-07-17 02:15:13 info: ======================
2024-07-17 02:15:13 info: MongoDB Connected:
2024-07-17 02:15:13 info: ======================
2024-07-17 02:15:56 info: ::1 - - [17/Jul/2024:01:15:56 +0000] "PATCH /api/transactions/6696f35b495455204515f95b HTTP/1.1" 202 55
2024-07-17 02:22:27 info: ================================
2024-07-17 02:22:27 info: ========== ENV: development =========
2024-07-17 02:22:27 info: 🚀 App listening on the port 4000
2024-07-17 02:22:27 info: ================================
2024-07-17 02:22:31 info: ======================
2024-07-17 02:22:31 info: MongoDB Connected:
2024-07-17 02:22:31 info: ======================
2024-07-17 02:24:43 info: ================================
2024-07-17 02:24:43 info: ========== ENV: development =========
2024-07-17 02:24:43 info: 🚀 App listening on the port 4000
2024-07-17 02:24:43 info: ================================
2024-07-17 02:24:48 info: ======================
2024-07-17 02:24:48 info: MongoDB Connected:
2024-07-17 02:24:48 info: ======================
2024-07-17 02:29:15 info: ================================
2024-07-17 02:29:15 info: ========== ENV: development =========
2024-07-17 02:29:15 info: 🚀 App listening on the port 4000
2024-07-17 02:29:15 info: ================================
2024-07-17 02:29:20 info: ======================
2024-07-17 02:29:20 info: MongoDB Connected:
2024-07-17 02:29:20 info: ======================
2024-07-17 02:29:34 info: ::1 - - [17/Jul/2024:01:29:34 +0000] "PATCH /api/transactions/6696f35b495455204515f95b HTTP/1.1" 500 -
2024-07-17 02:30:44 info: ================================
2024-07-17 02:30:44 info: ========== ENV: development =========
2024-07-17 02:30:44 info: 🚀 App listening on the port 4000
2024-07-17 02:30:44 info: ================================
2024-07-17 02:30:48 info: ======================
2024-07-17 02:30:48 info: MongoDB Connected:
2024-07-17 02:30:48 info: ======================
2024-07-17 02:30:57 info: ::1 - - [17/Jul/2024:01:30:57 +0000] "PATCH /api/transactions/6696f35b495455204515f95b HTTP/1.1" 202 55
2024-07-17 02:47:46 info: ================================
2024-07-17 02:47:46 info: ========== ENV: development =========
2024-07-17 02:47:46 info: 🚀 App listening on the port 4000
2024-07-17 02:47:46 info: ================================
2024-07-17 02:47:50 info: ======================
2024-07-17 02:47:50 info: MongoDB Connected:
2024-07-17 02:47:50 info: ======================
2024-07-17 02:47:56 info: ::1 - - [17/Jul/2024:01:47:56 +0000] "PATCH /api/transactions/6696f35b495455204515f95b HTTP/1.1" 403 91
2024-07-17 02:48:04 info: ::1 - - [17/Jul/2024:01:48:04 +0000] "POST /api/auth/signin HTTP/1.1" 200 330
2024-07-17 02:48:44 info: ::1 - - [17/Jul/2024:01:48:44 +0000] "PATCH /api/transactions/6696f35b495455204515f95b HTTP/1.1" 202 55
2024-07-17 04:45:10 info: ================================
2024-07-17 04:45:10 info: ========== ENV: development =========
2024-07-17 04:45:10 info: 🚀 App listening on the port 4000
2024-07-17 04:45:10 info: ================================
2024-07-17 04:45:15 info: ======================
2024-07-17 04:45:15 info: MongoDB Connected:
2024-07-17 04:45:15 info: ======================
2024-07-17 04:46:21 info: ================================
2024-07-17 04:46:21 info: ========== ENV: development =========
2024-07-17 04:46:21 info: 🚀 App listening on the port 4000
2024-07-17 04:46:21 info: ================================
2024-07-17 04:46:24 info: ======================
2024-07-17 04:46:24 info: MongoDB Connected:
2024-07-17 04:46:24 info: ======================
2024-07-17 04:46:50 info: ::1 - - [17/Jul/2024:03:46:50 +0000] "POST /api/auth/signin HTTP/1.1" 200 330
2024-07-17 04:50:15 info: ::1 - - [17/Jul/2024:03:50:15 +0000] "PATCH /api/transactions/6696f35b495455204515f95b HTTP/1.1" 500 643
2024-07-17 04:50:42 info: ================================
2024-07-17 04:50:42 info: ========== ENV: development =========
2024-07-17 04:50:42 info: 🚀 App listening on the port 4000
2024-07-17 04:50:42 info: ================================
2024-07-17 04:50:48 info: ======================
2024-07-17 04:50:48 info: MongoDB Connected:
2024-07-17 04:50:48 info: ======================
2024-07-17 05:34:08 info: ================================
2024-07-17 05:34:08 info: ========== ENV: development =========
2024-07-17 05:34:08 info: 🚀 App listening on the port 4000
2024-07-17 05:34:08 info: ================================
2024-07-17 05:34:12 info: ======================
2024-07-17 05:34:12 info: MongoDB Connected:
2024-07-17 05:34:12 info: ======================
2024-07-17 05:37:51 info: ================================
2024-07-17 05:37:51 info: ========== ENV: development =========
2024-07-17 05:37:51 info: 🚀 App listening on the port 4000
2024-07-17 05:37:51 info: ================================
2024-07-17 05:37:55 info: ======================
2024-07-17 05:37:55 info: MongoDB Connected:
2024-07-17 05:37:55 info: ======================
2024-07-17 05:38:22 info: ================================
2024-07-17 05:38:22 info: ========== ENV: development =========
2024-07-17 05:38:22 info: 🚀 App listening on the port 4000
2024-07-17 05:38:22 info: ================================
2024-07-17 05:38:24 info: ======================
2024-07-17 05:38:24 info: MongoDB Connected:
2024-07-17 05:38:24 info: ======================
2024-07-17 05:48:07 info: ================================
2024-07-17 05:48:07 info: ========== ENV: development =========
2024-07-17 05:48:07 info: 🚀 App listening on the port 4000
2024-07-17 05:48:07 info: ================================
2024-07-17 05:48:12 info: ======================
2024-07-17 05:48:12 info: MongoDB Connected:
2024-07-17 05:48:12 info: ======================
2024-07-17 06:11:16 info: ================================
2024-07-17 06:11:16 info: ========== ENV: development =========
2024-07-17 06:11:16 info: 🚀 App listening on the port 4000
2024-07-17 06:11:16 info: ================================
2024-07-17 06:11:20 info: ======================
2024-07-17 06:11:20 info: MongoDB Connected:
2024-07-17 06:11:20 info: ======================
2024-07-17 06:36:04 info: ================================
2024-07-17 06:36:04 info: ========== ENV: development =========
2024-07-17 06:36:04 info: 🚀 App listening on the port 4000
2024-07-17 06:36:04 info: ================================
2024-07-17 06:36:09 info: ======================
2024-07-17 06:36:09 info: MongoDB Connected:
2024-07-17 06:36:09 info: ======================
2024-07-17 06:37:07 info: ================================
2024-07-17 06:37:07 info: ========== ENV: development =========
2024-07-17 06:37:07 info: 🚀 App listening on the port 4000
2024-07-17 06:37:07 info: ================================
2024-07-17 06:37:09 info: ======================
2024-07-17 06:37:09 info: MongoDB Connected:
2024-07-17 06:37:09 info: ======================
2024-07-17 06:49:58 info: ================================
2024-07-17 06:49:58 info: ========== ENV: development =========
2024-07-17 06:49:58 info: 🚀 App listening on the port 4000
2024-07-17 06:49:58 info: ================================
2024-07-17 06:50:03 info: ======================
2024-07-17 06:50:03 info: MongoDB Connected:
2024-07-17 06:50:03 info: ======================
2024-07-17 08:28:13 info: ================================
2024-07-17 08:28:13 info: ========== ENV: development =========
2024-07-17 08:28:13 info: 🚀 App listening on the port 4000
2024-07-17 08:28:13 info: ================================
2024-07-17 08:28:18 info: ======================
2024-07-17 08:28:18 info: MongoDB Connected:
2024-07-17 08:28:18 info: ======================
2024-07-17 09:16:17 info: ================================
2024-07-17 09:16:17 info: ========== ENV: development =========
2024-07-17 09:16:17 info: 🚀 App listening on the port 4000
2024-07-17 09:16:17 info: ================================
2024-07-17 09:16:21 info: ======================
2024-07-17 09:16:21 info: MongoDB Connected:
2024-07-17 09:16:21 info: ======================
2024-07-17 09:16:29 info: ::1 - - [17/Jul/2024:08:16:29 +0000] "PATCH /api/transactions/6696f35b495455204515f95b HTTP/1.1" 403 91
2024-07-17 09:16:43 info: ::1 - - [17/Jul/2024:08:16:43 +0000] "POST /api/auth/signin HTTP/1.1" 200 330
2024-07-17 09:17:19 info: ================================
2024-07-17 09:17:19 info: ========== ENV: development =========
2024-07-17 09:17:19 info: 🚀 App listening on the port 4000
2024-07-17 09:17:19 info: ================================
2024-07-17 09:17:21 info: ======================
2024-07-17 09:17:21 info: MongoDB Connected:
2024-07-17 09:17:21 info: ======================
