2024-07-16 08:42:04 info: ================================
2024-07-16 08:42:04 info: ========== ENV: development =========
2024-07-16 08:42:04 info: 🚀 App listening on the port 4000
2024-07-16 08:42:04 info: ================================
2024-07-16 08:42:09 info: ======================
2024-07-16 08:42:09 info: MongoDB Connected:
2024-07-16 08:42:09 info: ======================
2024-07-16 08:45:25 info: ================================
2024-07-16 08:45:25 info: ========== ENV: development =========
2024-07-16 08:45:25 info: 🚀 App listening on the port 4000
2024-07-16 08:45:25 info: ================================
2024-07-16 08:45:30 info: ======================
2024-07-16 08:45:30 info: MongoDB Connected:
2024-07-16 08:45:30 info: ======================
2024-07-16 08:45:36 info: ================================
2024-07-16 08:45:36 info: ========== ENV: development =========
2024-07-16 08:45:36 info: 🚀 App listening on the port 4000
2024-07-16 08:45:36 info: ================================
2024-07-16 08:45:38 info: ======================
2024-07-16 08:45:38 info: MongoDB Connected:
2024-07-16 08:45:38 info: ======================
2024-07-16 08:47:21 info: ================================
2024-07-16 08:47:21 info: ========== ENV: development =========
2024-07-16 08:47:21 info: 🚀 App listening on the port 4000
2024-07-16 08:47:21 info: ================================
2024-07-16 08:47:26 info: ======================
2024-07-16 08:47:26 info: MongoDB Connected:
2024-07-16 08:47:26 info: ======================
2024-07-16 08:53:58 info: ================================
2024-07-16 08:53:58 info: ========== ENV: development =========
2024-07-16 08:53:58 info: 🚀 App listening on the port 4000
2024-07-16 08:53:58 info: ================================
2024-07-16 08:54:03 info: ======================
2024-07-16 08:54:03 info: MongoDB Connected:
2024-07-16 08:54:03 info: ======================
2024-07-16 08:58:36 info: ================================
2024-07-16 08:58:36 info: ========== ENV: development =========
2024-07-16 08:58:36 info: 🚀 App listening on the port 4000
2024-07-16 08:58:36 info: ================================
2024-07-16 08:58:40 info: ======================
2024-07-16 08:58:40 info: MongoDB Connected:
2024-07-16 08:58:40 info: ======================
2024-07-16 08:58:56 info: ================================
2024-07-16 08:58:56 info: ========== ENV: development =========
2024-07-16 08:58:56 info: 🚀 App listening on the port 4000
2024-07-16 08:58:56 info: ================================
2024-07-16 08:58:58 info: ======================
2024-07-16 08:58:58 info: MongoDB Connected:
2024-07-16 08:58:58 info: ======================
2024-07-16 09:05:23 info: ================================
2024-07-16 09:05:23 info: ========== ENV: development =========
2024-07-16 09:05:23 info: 🚀 App listening on the port 4000
2024-07-16 09:05:23 info: ================================
2024-07-16 09:05:27 info: ======================
2024-07-16 09:05:27 info: MongoDB Connected:
2024-07-16 09:05:27 info: ======================
2024-07-16 09:11:59 info: ================================
2024-07-16 09:11:59 info: ========== ENV: development =========
2024-07-16 09:11:59 info: 🚀 App listening on the port 4000
2024-07-16 09:11:59 info: ================================
2024-07-16 09:12:03 info: ======================
2024-07-16 09:12:03 info: MongoDB Connected:
2024-07-16 09:12:03 info: ======================
2024-07-16 09:12:25 info: ================================
2024-07-16 09:12:25 info: ========== ENV: development =========
2024-07-16 09:12:25 info: 🚀 App listening on the port 4000
2024-07-16 09:12:25 info: ================================
2024-07-16 09:12:26 info: ======================
2024-07-16 09:12:26 info: MongoDB Connected:
2024-07-16 09:12:26 info: ======================
2024-07-16 09:13:15 info: ================================
2024-07-16 09:13:15 info: ========== ENV: development =========
2024-07-16 09:13:15 info: 🚀 App listening on the port 4000
2024-07-16 09:13:15 info: ================================
2024-07-16 09:13:19 info: ======================
2024-07-16 09:13:19 info: MongoDB Connected:
2024-07-16 09:13:19 info: ======================
2024-07-16 09:14:06 info: ================================
2024-07-16 09:14:06 info: ========== ENV: development =========
2024-07-16 09:14:06 info: 🚀 App listening on the port 4000
2024-07-16 09:14:06 info: ================================
2024-07-16 09:14:07 info: ======================
2024-07-16 09:14:07 info: MongoDB Connected:
2024-07-16 09:14:07 info: ======================
2024-07-16 09:23:32 info: ================================
2024-07-16 09:23:32 info: ========== ENV: development =========
2024-07-16 09:23:32 info: 🚀 App listening on the port 4000
2024-07-16 09:23:32 info: ================================
2024-07-16 09:23:37 info: ======================
2024-07-16 09:23:37 info: MongoDB Connected:
2024-07-16 09:23:37 info: ======================
2024-07-16 09:23:43 info: ================================
2024-07-16 09:23:43 info: ========== ENV: development =========
2024-07-16 09:23:43 info: 🚀 App listening on the port 4000
2024-07-16 09:23:43 info: ================================
2024-07-16 09:23:45 info: ======================
2024-07-16 09:23:45 info: MongoDB Connected:
2024-07-16 09:23:45 info: ======================
2024-07-16 09:24:33 info: ================================
2024-07-16 09:24:33 info: ========== ENV: development =========
2024-07-16 09:24:33 info: 🚀 App listening on the port 4000
2024-07-16 09:24:33 info: ================================
2024-07-16 09:24:34 info: ======================
2024-07-16 09:24:34 info: MongoDB Connected:
2024-07-16 09:24:34 info: ======================
2024-07-16 09:27:22 info: ================================
2024-07-16 09:27:22 info: ========== ENV: development =========
2024-07-16 09:27:22 info: 🚀 App listening on the port 4000
2024-07-16 09:27:22 info: ================================
2024-07-16 09:27:27 info: ======================
2024-07-16 09:27:27 info: MongoDB Connected:
2024-07-16 09:27:27 info: ======================
2024-07-16 09:28:09 info: ================================
2024-07-16 09:28:09 info: ========== ENV: development =========
2024-07-16 09:28:09 info: 🚀 App listening on the port 4000
2024-07-16 09:28:09 info: ================================
2024-07-16 09:28:10 info: ======================
2024-07-16 09:28:10 info: MongoDB Connected:
2024-07-16 09:28:11 info: ======================
2024-07-16 09:28:23 info: ================================
2024-07-16 09:28:23 info: ========== ENV: development =========
2024-07-16 09:28:23 info: 🚀 App listening on the port 4000
2024-07-16 09:28:23 info: ================================
2024-07-16 09:28:23 error: ======================
2024-07-16 09:28:23 error: Mongo Err:  querySrv ETIMEOUT _mongodb._tcp.cluster0.0xdzh4f.mongodb.net
2024-07-16 09:28:23 error: ======================
2024-07-16 09:29:51 info: ================================
2024-07-16 09:29:51 info: ========== ENV: development =========
2024-07-16 09:29:51 info: 🚀 App listening on the port 4000
2024-07-16 09:29:51 info: ================================
2024-07-16 09:29:51 error: ======================
2024-07-16 09:29:51 error: Mongo Err:  querySrv ETIMEOUT _mongodb._tcp.cluster0.0xdzh4f.mongodb.net
2024-07-16 09:29:51 error: ======================
2024-07-16 09:30:41 info: ================================
2024-07-16 09:30:41 info: ========== ENV: development =========
2024-07-16 09:30:41 info: 🚀 App listening on the port 4000
2024-07-16 09:30:41 info: ================================
2024-07-16 09:30:41 error: ======================
2024-07-16 09:30:41 error: Mongo Err:  querySrv ETIMEOUT _mongodb._tcp.cluster0.0xdzh4f.mongodb.net
2024-07-16 09:30:41 error: ======================
2024-07-16 09:31:51 info: ================================
2024-07-16 09:31:51 info: ========== ENV: development =========
2024-07-16 09:31:51 info: 🚀 App listening on the port 4000
2024-07-16 09:31:51 info: ================================
2024-07-16 09:31:57 info: ======================
2024-07-16 09:31:57 info: MongoDB Connected:
2024-07-16 09:31:57 info: ======================
2024-07-16 09:35:55 info: ================================
2024-07-16 09:35:55 info: ========== ENV: development =========
2024-07-16 09:35:55 info: 🚀 App listening on the port 4000
2024-07-16 09:35:55 info: ================================
2024-07-16 09:35:55 error: ======================
2024-07-16 09:35:55 error: Mongo Err:  querySrv ETIMEOUT _mongodb._tcp.cluster0.0xdzh4f.mongodb.net
2024-07-16 09:35:55 error: ======================
2024-07-16 09:36:12 info: ================================
2024-07-16 09:36:12 info: ========== ENV: development =========
2024-07-16 09:36:12 info: 🚀 App listening on the port 4000
2024-07-16 09:36:12 info: ================================
2024-07-16 09:36:12 error: ======================
2024-07-16 09:36:12 error: Mongo Err:  querySrv ETIMEOUT _mongodb._tcp.cluster0.0xdzh4f.mongodb.net
2024-07-16 09:36:12 error: ======================
2024-07-16 09:40:26 info: ================================
2024-07-16 09:40:26 info: ========== ENV: development =========
2024-07-16 09:40:26 info: 🚀 App listening on the port 4000
2024-07-16 09:40:26 info: ================================
2024-07-16 09:40:26 error: ======================
2024-07-16 09:40:26 error: Mongo Err:  querySrv ETIMEOUT _mongodb._tcp.cluster0.0xdzh4f.mongodb.net
2024-07-16 09:40:26 error: ======================
2024-07-16 09:40:42 info: ================================
2024-07-16 09:40:42 info: ========== ENV: development =========
2024-07-16 09:40:42 info: 🚀 App listening on the port 4000
2024-07-16 09:40:42 info: ================================
2024-07-16 09:40:42 error: ======================
2024-07-16 09:40:42 error: Mongo Err:  querySrv ETIMEOUT _mongodb._tcp.cluster0.0xdzh4f.mongodb.net
2024-07-16 09:40:42 error: ======================
2024-07-16 09:56:35 info: ================================
2024-07-16 09:56:35 info: ========== ENV: development =========
2024-07-16 09:56:35 info: 🚀 App listening on the port 4000
2024-07-16 09:56:35 info: ================================
2024-07-16 09:56:41 info: ======================
2024-07-16 09:56:41 info: MongoDB Connected:
2024-07-16 09:56:41 info: ======================
2024-07-16 10:03:44 info: ================================
2024-07-16 10:03:44 info: ========== ENV: development =========
2024-07-16 10:03:44 info: 🚀 App listening on the port 4000
2024-07-16 10:03:44 info: ================================
2024-07-16 10:03:49 info: ======================
2024-07-16 10:03:49 info: MongoDB Connected:
2024-07-16 10:03:49 info: ======================
2024-07-16 10:17:11 info: ================================
2024-07-16 10:17:11 info: ========== ENV: development =========
2024-07-16 10:17:11 info: 🚀 App listening on the port 4000
2024-07-16 10:17:11 info: ================================
2024-07-16 10:17:11 error: ======================
2024-07-16 10:17:11 error: Mongo Err:  querySrv ETIMEOUT _mongodb._tcp.cluster0.0xdzh4f.mongodb.net
2024-07-16 10:17:11 error: ======================
2024-07-16 10:17:19 info: ================================
2024-07-16 10:17:19 info: ========== ENV: development =========
2024-07-16 10:17:19 info: 🚀 App listening on the port 4000
2024-07-16 10:17:19 info: ================================
2024-07-16 10:17:19 error: ======================
2024-07-16 10:17:19 error: Mongo Err:  querySrv ETIMEOUT _mongodb._tcp.cluster0.0xdzh4f.mongodb.net
2024-07-16 10:17:19 error: ======================
2024-07-16 10:18:14 info: ================================
2024-07-16 10:18:14 info: ========== ENV: development =========
2024-07-16 10:18:14 info: 🚀 App listening on the port 4000
2024-07-16 10:18:14 info: ================================
2024-07-16 10:18:14 error: ======================
2024-07-16 10:18:14 error: Mongo Err:  querySrv ETIMEOUT _mongodb._tcp.cluster0.0xdzh4f.mongodb.net
2024-07-16 10:18:14 error: ======================
2024-07-16 10:18:27 info: ================================
2024-07-16 10:18:27 info: ========== ENV: development =========
2024-07-16 10:18:27 info: 🚀 App listening on the port 4000
2024-07-16 10:18:27 info: ================================
2024-07-16 10:18:27 error: ======================
2024-07-16 10:18:27 error: Mongo Err:  querySrv ETIMEOUT _mongodb._tcp.cluster0.0xdzh4f.mongodb.net
2024-07-16 10:18:27 error: ======================
2024-07-16 12:14:14 info: ================================
2024-07-16 12:14:14 info: ========== ENV: development =========
2024-07-16 12:14:14 info: 🚀 App listening on the port 4000
2024-07-16 12:14:14 info: ================================
2024-07-16 12:14:19 info: ======================
2024-07-16 12:14:19 info: MongoDB Connected:
2024-07-16 12:14:19 info: ======================
2024-07-16 12:27:11 info: ================================
2024-07-16 12:27:11 info: ========== ENV: development =========
2024-07-16 12:27:11 info: 🚀 App listening on the port 4000
2024-07-16 12:27:11 info: ================================
2024-07-16 12:27:16 info: ======================
2024-07-16 12:27:16 info: MongoDB Connected:
2024-07-16 12:27:16 info: ======================
2024-07-16 12:29:54 info: ================================
2024-07-16 12:29:54 info: ========== ENV: development =========
2024-07-16 12:29:54 info: 🚀 App listening on the port 4000
2024-07-16 12:29:54 info: ================================
2024-07-16 12:29:59 info: ======================
2024-07-16 12:29:59 info: MongoDB Connected:
2024-07-16 12:29:59 info: ======================
2024-07-16 12:33:59 info: ================================
2024-07-16 12:33:59 info: ========== ENV: development =========
2024-07-16 12:33:59 info: 🚀 App listening on the port 4000
2024-07-16 12:33:59 info: ================================
2024-07-16 12:34:04 info: ======================
2024-07-16 12:34:04 info: MongoDB Connected:
2024-07-16 12:34:04 info: ======================
2024-07-16 12:37:18 info: ================================
2024-07-16 12:37:18 info: ========== ENV: development =========
2024-07-16 12:37:18 info: 🚀 App listening on the port 4000
2024-07-16 12:37:18 info: ================================
2024-07-16 12:37:23 info: ======================
2024-07-16 12:37:23 info: MongoDB Connected:
2024-07-16 12:37:23 info: ======================
2024-07-16 12:39:36 info: ================================
2024-07-16 12:39:36 info: ========== ENV: development =========
2024-07-16 12:39:36 info: 🚀 App listening on the port 4000
2024-07-16 12:39:36 info: ================================
2024-07-16 12:39:41 info: ======================
2024-07-16 12:39:41 info: MongoDB Connected:
2024-07-16 12:39:41 info: ======================
2024-07-16 12:41:19 info: ================================
2024-07-16 12:41:19 info: ========== ENV: development =========
2024-07-16 12:41:19 info: 🚀 App listening on the port 4000
2024-07-16 12:41:19 info: ================================
2024-07-16 12:41:23 info: ======================
2024-07-16 12:41:23 info: MongoDB Connected:
2024-07-16 12:41:23 info: ======================
2024-07-16 12:42:12 info: ================================
2024-07-16 12:42:12 info: ========== ENV: development =========
2024-07-16 12:42:12 info: 🚀 App listening on the port 4000
2024-07-16 12:42:12 info: ================================
2024-07-16 12:42:18 info: ======================
2024-07-16 12:42:18 info: MongoDB Connected:
2024-07-16 12:42:18 info: ======================
2024-07-16 12:45:34 info: ================================
2024-07-16 12:45:34 info: ========== ENV: development =========
2024-07-16 12:45:34 info: 🚀 App listening on the port 4000
2024-07-16 12:45:34 info: ================================
2024-07-16 12:45:39 info: ======================
2024-07-16 12:45:39 info: MongoDB Connected:
2024-07-16 12:45:39 info: ======================
2024-07-16 12:47:30 info: ================================
2024-07-16 12:47:30 info: ========== ENV: development =========
2024-07-16 12:47:30 info: 🚀 App listening on the port 4000
2024-07-16 12:47:30 info: ================================
2024-07-16 12:47:34 info: ======================
2024-07-16 12:47:34 info: MongoDB Connected:
2024-07-16 12:47:34 info: ======================
2024-07-16 12:47:43 info: ================================
2024-07-16 12:47:43 info: ========== ENV: development =========
2024-07-16 12:47:43 info: 🚀 App listening on the port 4000
2024-07-16 12:47:43 info: ================================
2024-07-16 12:47:45 info: ======================
2024-07-16 12:47:45 info: MongoDB Connected:
2024-07-16 12:47:45 info: ======================
2024-07-16 12:51:20 info: LOG_FORMAT
2024-07-16 12:51:32 info: LOG_FORMAT
2024-07-16 12:55:21 info: ================================
2024-07-16 12:55:21 info: ========== ENV: development =========
2024-07-16 12:55:21 info: 🚀 App listening on the port 4000
2024-07-16 12:55:21 info: ================================
2024-07-16 12:55:26 info: ======================
2024-07-16 12:55:26 info: MongoDB Connected:
2024-07-16 12:55:26 info: ======================
2024-07-16 12:55:45 info: ================================
2024-07-16 12:55:45 info: ========== ENV: development =========
2024-07-16 12:55:45 info: 🚀 App listening on the port 4000
2024-07-16 12:55:45 info: ================================
2024-07-16 12:55:46 info: ======================
2024-07-16 12:55:46 info: MongoDB Connected:
2024-07-16 12:55:46 info: ======================
2024-07-16 12:56:41 info: ================================
2024-07-16 12:56:41 info: ========== ENV: development =========
2024-07-16 12:56:41 info: 🚀 App listening on the port 4000
2024-07-16 12:56:41 info: ================================
2024-07-16 12:56:46 info: ======================
2024-07-16 12:56:46 info: MongoDB Connected:
2024-07-16 12:56:46 info: ======================
2024-07-16 12:57:33 info: ================================
2024-07-16 12:57:33 info: ========== ENV: development =========
2024-07-16 12:57:33 info: 🚀 App listening on the port 4000
2024-07-16 12:57:33 info: ================================
2024-07-16 12:57:35 info: ======================
2024-07-16 12:57:35 info: MongoDB Connected:
2024-07-16 12:57:35 info: ======================
2024-07-16 12:57:38 info: LOG_FORMAT
2024-07-16 12:59:28 info: ================================
2024-07-16 12:59:28 info: ========== ENV: development =========
2024-07-16 12:59:28 info: 🚀 App listening on the port 4000
2024-07-16 12:59:28 info: ================================
2024-07-16 12:59:33 info: LOG_FORMAT
2024-07-16 12:59:48 info: ======================
2024-07-16 12:59:48 info: MongoDB Connected:
2024-07-16 12:59:48 info: ======================
2024-07-16 13:00:25 info: ================================
2024-07-16 13:00:25 info: ========== ENV: development =========
2024-07-16 13:00:25 info: 🚀 App listening on the port 4000
2024-07-16 13:00:25 info: ================================
2024-07-16 13:00:25 info: LOG_FORMAT
2024-07-16 13:00:26 info: ======================
2024-07-16 13:00:26 info: MongoDB Connected:
2024-07-16 13:00:26 info: ======================
2024-07-16 13:01:18 info: LOG_FORMAT
2024-07-16 13:03:16 info: ================================
2024-07-16 13:03:16 info: ========== ENV: development =========
2024-07-16 13:03:16 info: 🚀 App listening on the port 4000
2024-07-16 13:03:16 info: ================================
2024-07-16 13:03:19 info: LOG_FORMAT
2024-07-16 13:03:21 info: ======================
2024-07-16 13:03:21 info: MongoDB Connected:
2024-07-16 13:03:21 info: ======================
2024-07-16 13:06:01 info: ================================
2024-07-16 13:06:01 info: ========== ENV: development =========
2024-07-16 13:06:01 info: 🚀 App listening on the port 4000
2024-07-16 13:06:01 info: ================================
2024-07-16 13:06:06 info: LOG_FORMAT
2024-07-16 13:06:06 info: ======================
2024-07-16 13:06:06 info: MongoDB Connected:
2024-07-16 13:06:06 info: ======================
2024-07-16 13:07:15 info: LOG_FORMAT
2024-07-16 13:13:40 info: ================================
2024-07-16 13:13:40 info: ========== ENV: development =========
2024-07-16 13:13:40 info: 🚀 App listening on the port 4000
2024-07-16 13:13:40 info: ================================
2024-07-16 13:13:45 info: ======================
2024-07-16 13:13:45 info: MongoDB Connected:
2024-07-16 13:13:45 info: ======================
2024-07-16 13:13:45 info: ::1 - - [16/Jul/2024:12:13:45 +0000] "POST /api/auth/signup HTTP/1.1" 500 197
2024-07-16 13:20:05 info: ================================
2024-07-16 13:20:05 info: ========== ENV: development =========
2024-07-16 13:20:05 info: 🚀 App listening on the port 4000
2024-07-16 13:20:05 info: ================================
2024-07-16 13:20:09 info: ======================
2024-07-16 13:20:09 info: MongoDB Connected:
2024-07-16 13:20:09 info: ======================
2024-07-16 13:20:10 info: ::1 - - [16/Jul/2024:12:20:10 +0000] "POST /api/auth/signup HTTP/1.1" 500 197
2024-07-16 13:25:56 info: ================================
2024-07-16 13:25:56 info: ========== ENV: development =========
2024-07-16 13:25:56 info: 🚀 App listening on the port 4000
2024-07-16 13:25:56 info: ================================
2024-07-16 13:26:00 info: ======================
2024-07-16 13:26:00 info: MongoDB Connected:
2024-07-16 13:26:00 info: ======================
2024-07-16 13:26:02 info: ::1 - - [16/Jul/2024:12:26:02 +0000] "POST /api/auth/signup HTTP/1.1" 500 197
2024-07-16 13:28:38 info: ================================
2024-07-16 13:28:38 info: ========== ENV: development =========
2024-07-16 13:28:38 info: 🚀 App listening on the port 4000
2024-07-16 13:28:38 info: ================================
2024-07-16 13:28:43 info: ======================
2024-07-16 13:28:43 info: MongoDB Connected:
2024-07-16 13:28:43 info: ======================
2024-07-16 13:29:44 info: ================================
2024-07-16 13:29:44 info: ========== ENV: development =========
2024-07-16 13:29:44 info: 🚀 App listening on the port 4000
2024-07-16 13:29:44 info: ================================
2024-07-16 13:29:46 info: ======================
2024-07-16 13:29:46 info: MongoDB Connected:
2024-07-16 13:29:46 info: ======================
2024-07-16 13:31:13 info: ================================
2024-07-16 13:31:13 info: ========== ENV: development =========
2024-07-16 13:31:13 info: 🚀 App listening on the port 4000
2024-07-16 13:31:13 info: ================================
2024-07-16 13:31:16 info: ::1 - - [16/Jul/2024:12:31:16 +0000] "POST /api/auth/signup HTTP/1.1" 500 197
2024-07-16 13:31:18 info: ======================
2024-07-16 13:31:18 info: MongoDB Connected:
2024-07-16 13:31:18 info: ======================
2024-07-16 13:31:25 info: ::1 - - [16/Jul/2024:12:31:25 +0000] "POST /api/auth/signup HTTP/1.1" 500 197
2024-07-16 13:37:17 info: ================================
2024-07-16 13:37:17 info: ========== ENV: development =========
2024-07-16 13:37:17 info: 🚀 App listening on the port 4000
2024-07-16 13:37:17 info: ================================
2024-07-16 13:37:21 info: ::1 - - [16/Jul/2024:12:37:21 +0000] "POST /api/auth/signup HTTP/1.1" 500 197
2024-07-16 13:37:22 info: ======================
2024-07-16 13:37:22 info: MongoDB Connected:
2024-07-16 13:37:22 info: ======================
2024-07-16 13:37:26 info: ::1 - - [16/Jul/2024:12:37:26 +0000] "POST /api/auth/signup HTTP/1.1" 500 197
2024-07-16 13:38:00 info: ================================
2024-07-16 13:38:00 info: ========== ENV: development =========
2024-07-16 13:38:00 info: 🚀 App listening on the port 4000
2024-07-16 13:38:00 info: ================================
2024-07-16 13:38:01 info: ======================
2024-07-16 13:38:01 info: MongoDB Connected:
2024-07-16 13:38:01 info: ======================
2024-07-16 13:38:35 info: ::1 - - [16/Jul/2024:12:38:35 +0000] "POST /api/auth/signup HTTP/1.1" 500 197
2024-07-16 13:39:08 info: ================================
2024-07-16 13:39:08 info: ========== ENV: development =========
2024-07-16 13:39:08 info: 🚀 App listening on the port 4000
2024-07-16 13:39:08 info: ================================
2024-07-16 13:39:13 info: ======================
2024-07-16 13:39:13 info: MongoDB Connected:
2024-07-16 13:39:13 info: ======================
2024-07-16 13:39:15 info: ::1 - - [16/Jul/2024:12:39:15 +0000] "POST /api/auth/signup HTTP/1.1" 500 197
2024-07-16 13:41:14 info: ================================
2024-07-16 13:41:14 info: ========== ENV: development =========
2024-07-16 13:41:14 info: 🚀 App listening on the port 4000
2024-07-16 13:41:14 info: ================================
2024-07-16 13:41:18 info: ======================
2024-07-16 13:41:18 info: MongoDB Connected:
2024-07-16 13:41:18 info: ======================
2024-07-16 13:41:21 info: ::1 - - [16/Jul/2024:12:41:21 +0000] "POST /api/auth/signup HTTP/1.1" 500 197
2024-07-16 13:42:56 info: ================================
2024-07-16 13:42:56 info: ========== ENV: development =========
2024-07-16 13:42:56 info: 🚀 App listening on the port 4000
2024-07-16 13:42:56 info: ================================
2024-07-16 13:43:00 info: ======================
2024-07-16 13:43:00 info: MongoDB Connected:
2024-07-16 13:43:00 info: ======================
2024-07-16 13:43:03 info: ::1 - - [16/Jul/2024:12:43:03 +0000] "POST /api/auth/signup HTTP/1.1" 500 197
2024-07-16 13:44:24 info: ================================
2024-07-16 13:44:24 info: ========== ENV: development =========
2024-07-16 13:44:24 info: 🚀 App listening on the port 4000
2024-07-16 13:44:24 info: ================================
2024-07-16 13:44:29 info: ======================
2024-07-16 13:44:29 info: MongoDB Connected:
2024-07-16 13:44:29 info: ======================
2024-07-16 13:44:29 info: ::1 - - [16/Jul/2024:12:44:29 +0000] "POST /api/auth/signup HTTP/1.1" 500 197
2024-07-16 13:45:34 info: ================================
2024-07-16 13:45:34 info: ========== ENV: development =========
2024-07-16 13:45:34 info: 🚀 App listening on the port 4000
2024-07-16 13:45:34 info: ================================
2024-07-16 13:45:35 info: ======================
2024-07-16 13:45:35 info: MongoDB Connected:
2024-07-16 13:45:35 info: ======================
2024-07-16 13:46:11 info: ::1 - - [16/Jul/2024:12:46:11 +0000] "POST /api/auth/signup HTTP/1.1" 500 197
2024-07-16 13:46:20 info: ::1 - - [16/Jul/2024:12:46:20 +0000] "POST /api/auth/signup HTTP/1.1" 500 197
2024-07-16 13:46:36 info: ================================
2024-07-16 13:46:36 info: ========== ENV: development =========
2024-07-16 13:46:36 info: 🚀 App listening on the port 4000
2024-07-16 13:46:36 info: ================================
2024-07-16 13:46:40 info: ======================
2024-07-16 13:46:40 info: MongoDB Connected:
2024-07-16 13:46:40 info: ======================
2024-07-16 13:46:45 info: ::1 - - [16/Jul/2024:12:46:45 +0000] "POST /api/auth/signup HTTP/1.1" 500 197
2024-07-16 13:47:49 info: ================================
2024-07-16 13:47:49 info: ========== ENV: development =========
2024-07-16 13:47:49 info: 🚀 App listening on the port 4000
2024-07-16 13:47:49 info: ================================
2024-07-16 13:47:52 info: ======================
2024-07-16 13:47:52 info: MongoDB Connected:
2024-07-16 13:47:52 info: ======================
2024-07-16 13:50:28 info: ================================
2024-07-16 13:50:28 info: ========== ENV: development =========
2024-07-16 13:50:28 info: 🚀 App listening on the port 4000
2024-07-16 13:50:28 info: ================================
2024-07-16 13:50:33 info: ======================
2024-07-16 13:50:33 info: MongoDB Connected:
2024-07-16 13:50:33 info: ======================
2024-07-16 13:50:59 info: ================================
2024-07-16 13:50:59 info: ========== ENV: development =========
2024-07-16 13:50:59 info: 🚀 App listening on the port 4000
2024-07-16 13:50:59 info: ================================
2024-07-16 13:51:00 info: ======================
2024-07-16 13:51:00 info: MongoDB Connected:
2024-07-16 13:51:00 info: ======================
2024-07-16 13:51:53 info: ================================
2024-07-16 13:51:53 info: ========== ENV: development =========
2024-07-16 13:51:53 info: 🚀 App listening on the port 4000
2024-07-16 13:51:53 info: ================================
2024-07-16 13:51:58 info: ======================
2024-07-16 13:51:58 info: MongoDB Connected:
2024-07-16 13:51:58 info: ======================
2024-07-16 13:52:17 info: ::1 - - [16/Jul/2024:12:52:17 +0000] "POST /api/auth/signup HTTP/1.1" 500 197
2024-07-16 13:56:32 info: ================================
2024-07-16 13:56:32 info: ========== ENV: development =========
2024-07-16 13:56:32 info: 🚀 App listening on the port 4000
2024-07-16 13:56:32 info: ================================
2024-07-16 13:56:36 info: ======================
2024-07-16 13:56:36 info: MongoDB Connected:
2024-07-16 13:56:36 info: ======================
2024-07-16 13:56:42 info: ::1 - - [16/Jul/2024:12:56:42 +0000] "POST /api/auth/signup HTTP/1.1" 500 197
2024-07-16 13:57:27 info: ================================
2024-07-16 13:57:27 info: ========== ENV: development =========
2024-07-16 13:57:27 info: 🚀 App listening on the port 4000
2024-07-16 13:57:27 info: ================================
2024-07-16 13:57:28 info: ======================
2024-07-16 13:57:28 info: MongoDB Connected:
2024-07-16 13:57:28 info: ======================
2024-07-16 13:57:37 info: ::1 - - [16/Jul/2024:12:57:37 +0000] "POST /api/auth/signup HTTP/1.1" 500 197
2024-07-16 13:58:12 info: ================================
2024-07-16 13:58:12 info: ========== ENV: development =========
2024-07-16 13:58:12 info: 🚀 App listening on the port 4000
2024-07-16 13:58:12 info: ================================
2024-07-16 13:58:16 info: ======================
2024-07-16 13:58:16 info: MongoDB Connected:
2024-07-16 13:58:16 info: ======================
2024-07-16 13:58:36 info: ::1 - - [16/Jul/2024:12:58:36 +0000] "POST /api/auth/signup HTTP/1.1" 500 197
2024-07-16 13:59:23 info: ================================
2024-07-16 13:59:23 info: ========== ENV: development =========
2024-07-16 13:59:23 info: 🚀 App listening on the port 4000
2024-07-16 13:59:23 info: ================================
2024-07-16 13:59:25 info: ======================
2024-07-16 13:59:25 info: MongoDB Connected:
2024-07-16 13:59:25 info: ======================
2024-07-16 13:59:27 info: ::1 - - [16/Jul/2024:12:59:27 +0000] "POST /api/auth/signup HTTP/1.1" 500 197
2024-07-16 14:00:27 info: ================================
2024-07-16 14:00:27 info: ========== ENV: development =========
2024-07-16 14:00:27 info: 🚀 App listening on the port 4000
2024-07-16 14:00:27 info: ================================
2024-07-16 14:00:31 info: ======================
2024-07-16 14:00:31 info: MongoDB Connected:
2024-07-16 14:00:31 info: ======================
2024-07-16 14:00:35 info: ::1 - - [16/Jul/2024:13:00:35 +0000] "POST /api/auth/signup HTTP/1.1" 500 197
2024-07-16 14:01:13 info: ================================
2024-07-16 14:01:13 info: ========== ENV: development =========
2024-07-16 14:01:13 info: 🚀 App listening on the port 4000
2024-07-16 14:01:13 info: ================================
2024-07-16 14:01:15 info: ======================
2024-07-16 14:01:15 info: MongoDB Connected:
2024-07-16 14:01:15 info: ======================
2024-07-16 14:01:21 info: ::1 - - [16/Jul/2024:13:01:21 +0000] "POST /api/auth/signup HTTP/1.1" 500 190
2024-07-16 14:02:06 info: ================================
2024-07-16 14:02:06 info: ========== ENV: development =========
2024-07-16 14:02:06 info: 🚀 App listening on the port 4000
2024-07-16 14:02:06 info: ================================
2024-07-16 14:02:10 info: ======================
2024-07-16 14:02:10 info: MongoDB Connected:
2024-07-16 14:02:10 info: ======================
2024-07-16 14:03:54 info: ================================
2024-07-16 14:03:54 info: ========== ENV: development =========
2024-07-16 14:03:54 info: 🚀 App listening on the port 4000
2024-07-16 14:03:54 info: ================================
2024-07-16 14:03:58 info: ======================
2024-07-16 14:03:58 info: MongoDB Connected:
2024-07-16 14:03:58 info: ======================
2024-07-16 14:04:09 info: ::1 - - [16/Jul/2024:13:04:09 +0000] "POST /api/auth/signup HTTP/1.1" 500 190
2024-07-16 14:04:40 info: ================================
2024-07-16 14:04:40 info: ========== ENV: development =========
2024-07-16 14:04:40 info: 🚀 App listening on the port 4000
2024-07-16 14:04:40 info: ================================
2024-07-16 14:04:42 info: ======================
2024-07-16 14:04:42 info: MongoDB Connected:
2024-07-16 14:04:42 info: ======================
2024-07-16 14:04:46 info: ::1 - - [16/Jul/2024:13:04:46 +0000] "POST /api/auth/signup HTTP/1.1" 500 190
2024-07-16 14:05:33 info: ================================
2024-07-16 14:05:33 info: ========== ENV: development =========
2024-07-16 14:05:33 info: 🚀 App listening on the port 4000
2024-07-16 14:05:33 info: ================================
2024-07-16 14:05:37 info: ======================
2024-07-16 14:05:37 info: MongoDB Connected:
2024-07-16 14:05:37 info: ======================
2024-07-16 14:06:20 info: ::1 - - [16/Jul/2024:13:06:20 +0000] "POST /api/auth/signup HTTP/1.1" 500 190
2024-07-16 14:07:24 info: ================================
2024-07-16 14:07:24 info: ========== ENV: development =========
2024-07-16 14:07:24 info: 🚀 App listening on the port 4000
2024-07-16 14:07:24 info: ================================
2024-07-16 14:07:29 info: ======================
2024-07-16 14:07:29 info: MongoDB Connected:
2024-07-16 14:07:29 info: ======================
2024-07-16 14:07:41 info: ================================
2024-07-16 14:07:41 info: ========== ENV: development =========
2024-07-16 14:07:41 info: 🚀 App listening on the port 4000
2024-07-16 14:07:41 info: ================================
2024-07-16 14:07:42 info: ======================
2024-07-16 14:07:42 info: MongoDB Connected:
2024-07-16 14:07:42 info: ======================
2024-07-16 14:07:48 info: ::1 - - [16/Jul/2024:13:07:48 +0000] "POST /api/auth/signup HTTP/1.1" 400 -
2024-07-16 14:08:22 info: ::1 - - [16/Jul/2024:13:08:22 +0000] "POST /api/auth/signup HTTP/1.1" 200 211
2024-07-16 14:09:11 info: ================================
2024-07-16 14:09:11 info: ========== ENV: development =========
2024-07-16 14:09:11 info: 🚀 App listening on the port 4000
2024-07-16 14:09:11 info: ================================
2024-07-16 14:09:15 info: ======================
2024-07-16 14:09:15 info: MongoDB Connected:
2024-07-16 14:09:15 info: ======================
2024-07-16 14:09:33 info: ================================
2024-07-16 14:09:33 info: ========== ENV: development =========
2024-07-16 14:09:33 info: 🚀 App listening on the port 4000
2024-07-16 14:09:33 info: ================================
2024-07-16 14:09:35 info: ======================
2024-07-16 14:09:35 info: MongoDB Connected:
2024-07-16 14:09:35 info: ======================
2024-07-16 14:09:52 info: ::1 - - [16/Jul/2024:13:09:52 +0000] "POST /api/auth/signup HTTP/1.1" 400 23
2024-07-16 14:11:35 info: ================================
2024-07-16 14:11:35 info: ========== ENV: development =========
2024-07-16 14:11:35 info: 🚀 App listening on the port 4000
2024-07-16 14:11:35 info: ================================
2024-07-16 14:11:39 info: ======================
2024-07-16 14:11:39 info: MongoDB Connected:
2024-07-16 14:11:39 info: ======================
2024-07-16 14:11:44 info: ::1 - - [16/Jul/2024:13:11:44 +0000] "POST /api/auth/signup HTTP/1.1" 200 211
2024-07-16 14:12:50 info: ================================
2024-07-16 14:12:50 info: ========== ENV: development =========
2024-07-16 14:12:50 info: 🚀 App listening on the port 4000
2024-07-16 14:12:50 info: ================================
2024-07-16 14:12:52 info: ======================
2024-07-16 14:12:52 info: MongoDB Connected:
2024-07-16 14:12:52 info: ======================
2024-07-16 14:13:16 info: ::1 - - [16/Jul/2024:13:13:16 +0000] "POST /api/auth/signup HTTP/1.1" 200 23
2024-07-16 14:14:06 info: ================================
2024-07-16 14:14:06 info: ========== ENV: development =========
2024-07-16 14:14:06 info: 🚀 App listening on the port 4000
2024-07-16 14:14:06 info: ================================
2024-07-16 14:14:10 info: ======================
2024-07-16 14:14:10 info: MongoDB Connected:
2024-07-16 14:14:10 info: ======================
2024-07-16 14:14:17 info: ::1 - - [16/Jul/2024:13:14:17 +0000] "POST /api/auth/signup HTTP/1.1" 400 23
2024-07-16 14:15:05 info: ================================
2024-07-16 14:15:05 info: ========== ENV: development =========
2024-07-16 14:15:05 info: 🚀 App listening on the port 4000
2024-07-16 14:15:05 info: ================================
2024-07-16 14:15:06 info: ======================
2024-07-16 14:15:06 info: MongoDB Connected:
2024-07-16 14:15:06 info: ======================
2024-07-16 14:15:14 info: ::1 - - [16/Jul/2024:13:15:14 +0000] "POST /api/auth/signup HTTP/1.1" 500 156
2024-07-16 14:15:44 info: ================================
2024-07-16 14:15:44 info: ========== ENV: development =========
2024-07-16 14:15:44 info: 🚀 App listening on the port 4000
2024-07-16 14:15:44 info: ================================
2024-07-16 14:15:48 info: ======================
2024-07-16 14:15:48 info: MongoDB Connected:
2024-07-16 14:15:48 info: ======================
2024-07-16 14:15:50 info: ::1 - - [16/Jul/2024:13:15:50 +0000] "POST /api/auth/signup HTTP/1.1" 500 142
2024-07-16 14:16:21 info: ================================
2024-07-16 14:16:21 info: ========== ENV: development =========
2024-07-16 14:16:21 info: 🚀 App listening on the port 4000
2024-07-16 14:16:21 info: ================================
2024-07-16 14:16:22 info: ======================
2024-07-16 14:16:22 info: MongoDB Connected:
2024-07-16 14:16:22 info: ======================
2024-07-16 14:18:55 info: ================================
2024-07-16 14:18:55 info: ========== ENV: development =========
2024-07-16 14:18:55 info: 🚀 App listening on the port 4000
2024-07-16 14:18:55 info: ================================
2024-07-16 14:19:00 info: ======================
2024-07-16 14:19:00 info: MongoDB Connected:
2024-07-16 14:19:00 info: ======================
2024-07-16 14:19:10 info: ::1 - - [16/Jul/2024:13:19:10 +0000] "POST /api/auth/signup HTTP/1.1" 400 23
2024-07-16 14:19:33 info: ::1 - - [16/Jul/2024:13:19:33 +0000] "POST /api/auth/signup HTTP/1.1" 400 22
2024-07-16 14:19:57 info: ::1 - - [16/Jul/2024:13:19:57 +0000] "POST /api/auth/signup HTTP/1.1" 201 27
2024-07-16 14:21:00 info: ================================
2024-07-16 14:21:00 info: ========== ENV: development =========
2024-07-16 14:21:00 info: 🚀 App listening on the port 4000
2024-07-16 14:21:00 info: ================================
2024-07-16 14:21:05 info: ======================
2024-07-16 14:21:05 info: MongoDB Connected:
2024-07-16 14:21:05 info: ======================
2024-07-16 14:21:17 info: ::1 - - [16/Jul/2024:13:21:17 +0000] "POST /api/auth/signup HTTP/1.1" 400 44
2024-07-16 14:21:35 error: [POST] /api/auth/signup >> StatusCode:: 400, Message:: Expected double-quoted property name in JSON at position 96 (line 6 column 1)
2024-07-16 14:21:35 info: ::1 - - [16/Jul/2024:13:21:35 +0000] "POST /api/auth/signup HTTP/1.1" 400 91
2024-07-16 14:21:45 info: ::1 - - [16/Jul/2024:13:21:45 +0000] "POST /api/auth/signup HTTP/1.1" 400 26
2024-07-16 14:21:56 info: ================================
2024-07-16 14:21:56 info: ========== ENV: development =========
2024-07-16 14:21:56 info: 🚀 App listening on the port 4000
2024-07-16 14:21:56 info: ================================
2024-07-16 14:21:58 info: ======================
2024-07-16 14:21:58 info: MongoDB Connected:
2024-07-16 14:21:58 info: ======================
2024-07-16 14:21:59 info: ::1 - - [16/Jul/2024:13:21:59 +0000] "POST /api/auth/signup HTTP/1.1" 400 36
2024-07-16 14:23:01 info: ================================
2024-07-16 14:23:01 info: ========== ENV: development =========
2024-07-16 14:23:01 info: 🚀 App listening on the port 4000
2024-07-16 14:23:01 info: ================================
2024-07-16 14:23:06 info: ======================
2024-07-16 14:23:06 info: MongoDB Connected:
2024-07-16 14:23:06 info: ======================
2024-07-16 14:23:08 info: ::1 - - [16/Jul/2024:13:23:08 +0000] "POST /api/auth/signup HTTP/1.1" 400 36
2024-07-16 14:23:17 info: ::1 - - [16/Jul/2024:13:23:17 +0000] "POST /api/auth/signup HTTP/1.1" 400 36
2024-07-16 14:24:52 info: ================================
2024-07-16 14:24:52 info: ========== ENV: development =========
2024-07-16 14:24:52 info: 🚀 App listening on the port 4000
2024-07-16 14:24:52 info: ================================
2024-07-16 14:25:16 info: ======================
2024-07-16 14:25:16 info: MongoDB Connected:
2024-07-16 14:25:16 info: ======================
2024-07-16 14:35:32 info: ================================
2024-07-16 14:35:32 info: ========== ENV: development =========
2024-07-16 14:35:32 info: 🚀 App listening on the port 4000
2024-07-16 14:35:32 info: ================================
2024-07-16 14:35:36 info: ======================
2024-07-16 14:35:36 info: MongoDB Connected:
2024-07-16 14:35:36 info: ======================
2024-07-16 14:37:15 info: ================================
2024-07-16 14:37:15 info: ========== ENV: development =========
2024-07-16 14:37:15 info: 🚀 App listening on the port 4000
2024-07-16 14:37:15 info: ================================
2024-07-16 14:37:20 info: ======================
2024-07-16 14:37:20 info: MongoDB Connected:
2024-07-16 14:37:20 info: ======================
2024-07-16 14:37:24 info: ::1 - - [16/Jul/2024:13:37:24 +0000] "POST /api/auth/signup HTTP/1.1" 400 36
2024-07-16 14:38:12 info: ::1 - - [16/Jul/2024:13:38:12 +0000] "POST /api/auth/signup HTTP/1.1" 400 36
2024-07-16 14:40:18 info: ================================
2024-07-16 14:40:18 info: ========== ENV: development =========
2024-07-16 14:40:18 info: 🚀 App listening on the port 4000
2024-07-16 14:40:18 info: ================================
2024-07-16 14:40:22 info: ======================
2024-07-16 14:40:22 info: MongoDB Connected:
2024-07-16 14:40:22 info: ======================
2024-07-16 14:40:25 info: ::1 - - [16/Jul/2024:13:40:25 +0000] "POST /api/auth/signup HTTP/1.1" 400 36
2024-07-16 14:41:01 info: ================================
2024-07-16 14:41:01 info: ========== ENV: development =========
2024-07-16 14:41:01 info: 🚀 App listening on the port 4000
2024-07-16 14:41:01 info: ================================
2024-07-16 14:41:03 info: ======================
2024-07-16 14:41:03 info: MongoDB Connected:
2024-07-16 14:41:03 info: ======================
2024-07-16 14:41:29 info: ::1 - - [16/Jul/2024:13:41:29 +0000] "POST /api/auth/signup HTTP/1.1" 400 26
2024-07-16 14:43:15 info: ================================
2024-07-16 14:43:15 info: ========== ENV: development =========
2024-07-16 14:43:15 info: 🚀 App listening on the port 4000
2024-07-16 14:43:15 info: ================================
2024-07-16 14:43:19 info: ======================
2024-07-16 14:43:19 info: MongoDB Connected:
2024-07-16 14:43:19 info: ======================
2024-07-16 14:43:21 info: ::1 - - [16/Jul/2024:13:43:21 +0000] "POST /api/auth/signup HTTP/1.1" 400 26
2024-07-16 14:43:22 info: ::1 - - [16/Jul/2024:13:43:22 +0000] "POST /api/auth/signup HTTP/1.1" 400 26
2024-07-16 14:43:54 info: ================================
2024-07-16 14:43:54 info: ========== ENV: development =========
2024-07-16 14:43:54 info: 🚀 App listening on the port 4000
2024-07-16 14:43:54 info: ================================
2024-07-16 14:43:55 info: ======================
2024-07-16 14:43:55 info: MongoDB Connected:
2024-07-16 14:43:55 info: ======================
2024-07-16 14:43:57 info: ::1 - - [16/Jul/2024:13:43:57 +0000] "POST /api/auth/signup HTTP/1.1" 400 36
2024-07-16 14:44:05 info: ::1 - - [16/Jul/2024:13:44:05 +0000] "POST /api/auth/signup HTTP/1.1" 500 190
2024-07-16 14:44:37 info: ================================
2024-07-16 14:44:37 info: ========== ENV: development =========
2024-07-16 14:44:37 info: 🚀 App listening on the port 4000
2024-07-16 14:44:37 info: ================================
2024-07-16 14:44:41 info: ======================
2024-07-16 14:44:41 info: MongoDB Connected:
2024-07-16 14:44:41 info: ======================
2024-07-16 14:44:44 info: ::1 - - [16/Jul/2024:13:44:44 +0000] "POST /api/auth/signup HTTP/1.1" 400 44
2024-07-16 14:45:38 info: ================================
2024-07-16 14:45:38 info: ========== ENV: development =========
2024-07-16 14:45:38 info: 🚀 App listening on the port 4000
2024-07-16 14:45:38 info: ================================
2024-07-16 14:45:39 info: ======================
2024-07-16 14:45:39 info: MongoDB Connected:
2024-07-16 14:45:39 info: ======================
2024-07-16 14:46:12 info: ::1 - - [16/Jul/2024:13:46:12 +0000] "POST /api/auth/signup HTTP/1.1" 201 27
2024-07-16 14:46:44 info: ================================
2024-07-16 14:46:44 info: ========== ENV: development =========
2024-07-16 14:46:44 info: 🚀 App listening on the port 4000
2024-07-16 14:46:44 info: ================================
2024-07-16 14:46:49 info: ======================
2024-07-16 14:46:49 info: MongoDB Connected:
2024-07-16 14:46:49 info: ======================
2024-07-16 14:48:59 info: ================================
2024-07-16 14:48:59 info: ========== ENV: development =========
2024-07-16 14:48:59 info: 🚀 App listening on the port 4000
2024-07-16 14:48:59 info: ================================
2024-07-16 14:48:59 error: ======================
2024-07-16 14:48:59 error: Mongo Err:  querySrv ETIMEOUT _mongodb._tcp.cluster0.0xdzh4f.mongodb.net
2024-07-16 14:48:59 error: ======================
2024-07-16 14:50:37 info: ================================
2024-07-16 14:50:37 info: ========== ENV: development =========
2024-07-16 14:50:37 info: 🚀 App listening on the port 4000
2024-07-16 14:50:37 info: ================================
2024-07-16 14:50:37 error: ======================
2024-07-16 14:50:37 error: Mongo Err:  querySrv ETIMEOUT _mongodb._tcp.cluster0.0xdzh4f.mongodb.net
2024-07-16 14:50:37 error: ======================
2024-07-16 14:52:58 info: ================================
2024-07-16 14:52:58 info: ========== ENV: development =========
2024-07-16 14:52:58 info: 🚀 App listening on the port 4000
2024-07-16 14:52:58 info: ================================
2024-07-16 14:52:58 error: ======================
2024-07-16 14:52:58 error: Mongo Err:  querySrv ETIMEOUT _mongodb._tcp.cluster0.0xdzh4f.mongodb.net
2024-07-16 14:52:58 error: ======================
2024-07-16 14:53:09 info: ================================
2024-07-16 14:53:09 info: ========== ENV: development =========
2024-07-16 14:53:09 info: 🚀 App listening on the port 4000
2024-07-16 14:53:09 info: ================================
2024-07-16 14:53:09 error: ======================
2024-07-16 14:53:09 error: Mongo Err:  querySrv ETIMEOUT _mongodb._tcp.cluster0.0xdzh4f.mongodb.net
2024-07-16 14:53:09 error: ======================
2024-07-16 14:56:21 info: ================================
2024-07-16 14:56:21 info: ========== ENV: development =========
2024-07-16 14:56:21 info: 🚀 App listening on the port 4000
2024-07-16 14:56:21 info: ================================
2024-07-16 14:56:21 error: ======================
2024-07-16 14:56:21 error: Mongo Err:  querySrv ETIMEOUT _mongodb._tcp.cluster0.0xdzh4f.mongodb.net
2024-07-16 14:56:21 error: ======================
2024-07-16 14:56:59 info: ================================
2024-07-16 14:56:59 info: ========== ENV: development =========
2024-07-16 14:56:59 info: 🚀 App listening on the port 4000
2024-07-16 14:56:59 info: ================================
2024-07-16 14:56:59 error: ======================
2024-07-16 14:56:59 error: Mongo Err:  querySrv ETIMEOUT _mongodb._tcp.cluster0.0xdzh4f.mongodb.net
2024-07-16 14:56:59 error: ======================
2024-07-16 14:58:12 info: ================================
2024-07-16 14:58:12 info: ========== ENV: development =========
2024-07-16 14:58:12 info: 🚀 App listening on the port 4000
2024-07-16 14:58:12 info: ================================
2024-07-16 14:58:12 error: ======================
2024-07-16 14:58:12 error: Mongo Err:  querySrv ETIMEOUT _mongodb._tcp.cluster0.0xdzh4f.mongodb.net
2024-07-16 14:58:12 error: ======================
2024-07-16 15:02:33 info: ================================
2024-07-16 15:02:33 info: ========== ENV: development =========
2024-07-16 15:02:33 info: 🚀 App listening on the port 4000
2024-07-16 15:02:33 info: ================================
2024-07-16 15:02:37 info: ======================
2024-07-16 15:02:38 info: MongoDB Connected:
2024-07-16 15:02:38 info: ======================
2024-07-16 15:03:21 info: ================================
2024-07-16 15:03:21 info: ========== ENV: development =========
2024-07-16 15:03:21 info: 🚀 App listening on the port 4000
2024-07-16 15:03:21 info: ================================
2024-07-16 15:03:23 info: ======================
2024-07-16 15:03:23 info: MongoDB Connected:
2024-07-16 15:03:23 info: ======================
2024-07-16 15:03:28 info: ::1 - - [16/Jul/2024:14:03:28 +0000] "POST /api/auth/signup HTTP/1.1" 400 44
2024-07-16 15:04:03 info: ::1 - - [16/Jul/2024:14:04:03 +0000] "POST /api/auth/signup HTTP/1.1" 201 27
2024-07-16 15:06:30 info: ::1 - - [16/Jul/2024:14:06:30 +0000] "POST /api/auth/signin HTTP/1.1" 400 293
2024-07-16 15:07:08 info: ================================
2024-07-16 15:07:08 info: ========== ENV: development =========
2024-07-16 15:07:08 info: 🚀 App listening on the port 4000
2024-07-16 15:07:08 info: ================================
2024-07-16 15:07:13 info: ======================
2024-07-16 15:07:13 info: MongoDB Connected:
2024-07-16 15:07:13 info: ======================
2024-07-16 15:07:17 info: ::1 - - [16/Jul/2024:14:07:17 +0000] "POST /api/auth/signin HTTP/1.1" 400 27
2024-07-16 15:08:35 info: ================================
2024-07-16 15:08:35 info: ========== ENV: development =========
2024-07-16 15:08:35 info: 🚀 App listening on the port 4000
2024-07-16 15:08:35 info: ================================
2024-07-16 15:08:40 info: ======================
2024-07-16 15:08:40 info: MongoDB Connected:
2024-07-16 15:08:40 info: ======================
2024-07-16 15:08:45 info: ::1 - - [16/Jul/2024:14:08:45 +0000] "POST /api/auth/signin HTTP/1.1" 400 27
2024-07-16 15:09:43 info: ================================
2024-07-16 15:09:43 info: ========== ENV: development =========
2024-07-16 15:09:43 info: 🚀 App listening on the port 4000
2024-07-16 15:09:43 info: ================================
2024-07-16 15:09:45 info: ======================
2024-07-16 15:09:45 info: MongoDB Connected:
2024-07-16 15:09:45 info: ======================
2024-07-16 15:10:24 info: ================================
2024-07-16 15:10:24 info: ========== ENV: development =========
2024-07-16 15:10:24 info: 🚀 App listening on the port 4000
2024-07-16 15:10:24 info: ================================
2024-07-16 15:10:28 info: ======================
2024-07-16 15:10:28 info: MongoDB Connected:
2024-07-16 15:10:28 info: ======================
2024-07-16 15:10:30 info: ::1 - - [16/Jul/2024:14:10:30 +0000] "POST /api/auth/signin HTTP/1.1" 200 289
2024-07-16 15:21:18 info: ================================
2024-07-16 15:21:18 info: ========== ENV: development =========
2024-07-16 15:21:18 info: 🚀 App listening on the port 4000
2024-07-16 15:21:18 info: ================================
2024-07-16 15:21:22 info: ======================
2024-07-16 15:21:22 info: MongoDB Connected:
2024-07-16 15:21:22 info: ======================
2024-07-16 15:25:55 info: ================================
2024-07-16 15:25:55 info: ========== ENV: development =========
2024-07-16 15:25:55 info: 🚀 App listening on the port 4000
2024-07-16 15:25:55 info: ================================
2024-07-16 15:26:00 info: ======================
2024-07-16 15:26:00 info: MongoDB Connected:
2024-07-16 15:26:00 info: ======================
2024-07-16 15:26:46 info: ================================
2024-07-16 15:26:46 info: ========== ENV: development =========
2024-07-16 15:26:46 info: 🚀 App listening on the port 4000
2024-07-16 15:26:46 info: ================================
2024-07-16 15:26:48 info: ======================
2024-07-16 15:26:48 info: MongoDB Connected:
2024-07-16 15:26:48 info: ======================
2024-07-16 15:27:50 info: ================================
2024-07-16 15:27:50 info: ========== ENV: development =========
2024-07-16 15:27:50 info: 🚀 App listening on the port 4000
2024-07-16 15:27:50 info: ================================
2024-07-16 15:27:55 info: ======================
2024-07-16 15:27:55 info: MongoDB Connected:
2024-07-16 15:27:55 info: ======================
2024-07-16 15:33:56 info: ================================
2024-07-16 15:33:56 info: ========== ENV: development =========
2024-07-16 15:33:56 info: 🚀 App listening on the port 4000
2024-07-16 15:33:56 info: ================================
2024-07-16 15:34:00 info: ======================
2024-07-16 15:34:00 info: MongoDB Connected:
2024-07-16 15:34:00 info: ======================
2024-07-16 15:35:10 info: ================================
2024-07-16 15:35:10 info: ========== ENV: development =========
2024-07-16 15:35:10 info: 🚀 App listening on the port 4000
2024-07-16 15:35:10 info: ================================
2024-07-16 15:35:12 info: ======================
2024-07-16 15:35:12 info: MongoDB Connected:
2024-07-16 15:35:12 info: ======================
2024-07-16 15:40:46 info: ================================
2024-07-16 15:40:46 info: ========== ENV: development =========
2024-07-16 15:40:46 info: 🚀 App listening on the port 4000
2024-07-16 15:40:46 info: ================================
2024-07-16 15:40:51 info: ======================
2024-07-16 15:40:51 info: MongoDB Connected:
2024-07-16 15:40:51 info: ======================
2024-07-16 15:41:06 info: ================================
2024-07-16 15:41:06 info: ========== ENV: development =========
2024-07-16 15:41:06 info: 🚀 App listening on the port 4000
2024-07-16 15:41:06 info: ================================
2024-07-16 15:41:08 info: ======================
2024-07-16 15:41:08 info: MongoDB Connected:
2024-07-16 15:41:08 info: ======================
2024-07-16 15:43:16 info: ================================
2024-07-16 15:43:16 info: ========== ENV: development =========
2024-07-16 15:43:16 info: 🚀 App listening on the port 4000
2024-07-16 15:43:16 info: ================================
2024-07-16 15:43:21 info: ======================
2024-07-16 15:43:21 info: MongoDB Connected:
2024-07-16 15:43:21 info: ======================
2024-07-16 15:44:55 info: ================================
2024-07-16 15:44:55 info: ========== ENV: development =========
2024-07-16 15:44:55 info: 🚀 App listening on the port 4000
2024-07-16 15:44:55 info: ================================
2024-07-16 15:45:00 info: ======================
2024-07-16 15:45:00 info: MongoDB Connected:
2024-07-16 15:45:00 info: ======================
2024-07-16 15:48:12 info: ================================
2024-07-16 15:48:12 info: ========== ENV: development =========
2024-07-16 15:48:12 info: 🚀 App listening on the port 4000
2024-07-16 15:48:12 info: ================================
2024-07-16 15:48:17 info: ======================
2024-07-16 15:48:17 info: MongoDB Connected:
2024-07-16 15:48:17 info: ======================
2024-07-16 15:51:55 info: ================================
2024-07-16 15:51:55 info: ========== ENV: development =========
2024-07-16 15:51:55 info: 🚀 App listening on the port 4000
2024-07-16 15:51:55 info: ================================
2024-07-16 15:51:59 info: ======================
2024-07-16 15:51:59 info: MongoDB Connected:
2024-07-16 15:51:59 info: ======================
2024-07-16 15:54:44 info: ================================
2024-07-16 15:54:44 info: ========== ENV: development =========
2024-07-16 15:54:44 info: 🚀 App listening on the port 4000
2024-07-16 15:54:44 info: ================================
2024-07-16 15:54:55 info: ================================
2024-07-16 15:54:55 info: ========== ENV: development =========
2024-07-16 15:54:55 info: 🚀 App listening on the port 4000
2024-07-16 15:54:55 info: ================================
2024-07-16 15:54:57 info: ======================
2024-07-16 15:54:57 info: MongoDB Connected:
2024-07-16 15:54:57 info: ======================
2024-07-16 15:55:22 info: ================================
2024-07-16 15:55:22 info: ========== ENV: development =========
2024-07-16 15:55:22 info: 🚀 App listening on the port 4000
2024-07-16 15:55:22 info: ================================
2024-07-16 15:55:24 info: ======================
2024-07-16 15:55:24 info: MongoDB Connected:
2024-07-16 15:55:24 info: ======================
2024-07-16 16:00:08 info: ================================
2024-07-16 16:00:08 info: ========== ENV: development =========
2024-07-16 16:00:08 info: 🚀 App listening on the port 4000
2024-07-16 16:00:08 info: ================================
2024-07-16 16:00:13 info: ======================
2024-07-16 16:00:13 info: MongoDB Connected:
2024-07-16 16:00:13 info: ======================
2024-07-16 16:10:09 info: ================================
2024-07-16 16:10:09 info: ========== ENV: development =========
2024-07-16 16:10:09 info: 🚀 App listening on the port 4000
2024-07-16 16:10:09 info: ================================
2024-07-16 16:10:15 info: ======================
2024-07-16 16:10:15 info: MongoDB Connected:
2024-07-16 16:10:15 info: ======================
2024-07-16 16:12:54 info: ================================
2024-07-16 16:12:54 info: ========== ENV: development =========
2024-07-16 16:12:54 info: 🚀 App listening on the port 4000
2024-07-16 16:12:54 info: ================================
2024-07-16 16:12:59 info: ======================
2024-07-16 16:12:59 info: MongoDB Connected:
2024-07-16 16:12:59 info: ======================
2024-07-16 16:18:40 info: ================================
2024-07-16 16:18:40 info: ========== ENV: development =========
2024-07-16 16:18:40 info: 🚀 App listening on the port 4000
2024-07-16 16:18:40 info: ================================
2024-07-16 16:18:44 info: ======================
2024-07-16 16:18:44 info: MongoDB Connected:
2024-07-16 16:18:44 info: ======================
2024-07-16 16:19:49 info: ================================
2024-07-16 16:19:49 info: ========== ENV: development =========
2024-07-16 16:19:49 info: 🚀 App listening on the port 4000
2024-07-16 16:19:49 info: ================================
2024-07-16 16:19:50 info: ======================
2024-07-16 16:19:50 info: MongoDB Connected:
2024-07-16 16:19:50 info: ======================
2024-07-16 16:21:45 info: ================================
2024-07-16 16:21:45 info: ========== ENV: development =========
2024-07-16 16:21:45 info: 🚀 App listening on the port 4000
2024-07-16 16:21:45 info: ================================
2024-07-16 16:21:49 info: ======================
2024-07-16 16:21:49 info: MongoDB Connected:
2024-07-16 16:21:49 info: ======================
2024-07-16 16:22:23 info: ================================
2024-07-16 16:22:23 info: ========== ENV: development =========
2024-07-16 16:22:23 info: 🚀 App listening on the port 4000
2024-07-16 16:22:23 info: ================================
2024-07-16 16:22:25 info: ======================
2024-07-16 16:22:25 info: MongoDB Connected:
2024-07-16 16:22:25 info: ======================
2024-07-16 16:23:06 info: ::1 - - [16/Jul/2024:15:23:06 +0000] "GET /api/transactions HTTP/1.1" 404 155
2024-07-16 16:23:58 info: ================================
2024-07-16 16:23:58 info: ========== ENV: development =========
2024-07-16 16:23:58 info: 🚀 App listening on the port 4000
2024-07-16 16:23:58 info: ================================
2024-07-16 16:24:03 info: ======================
2024-07-16 16:24:03 info: MongoDB Connected:
2024-07-16 16:24:03 info: ======================
2024-07-16 16:24:06 info: ::1 - - [16/Jul/2024:15:24:06 +0000] "GET /api/transactions HTTP/1.1" 403 30
2024-07-16 16:24:16 info: ::1 - - [16/Jul/2024:15:24:16 +0000] "POST /api/auth/signin HTTP/1.1" 200 331
2024-07-16 16:24:38 info: ::1 - - [16/Jul/2024:15:24:38 +0000] "GET /api/transactions HTTP/1.1" 403 30
2024-07-16 16:24:59 info: ::1 - - [16/Jul/2024:15:24:59 +0000] "GET /api/transactions HTTP/1.1" 403 30
2024-07-16 16:25:27 info: ::1 - - [16/Jul/2024:15:25:27 +0000] "GET /api/transactions HTTP/1.1" 403 30
2024-07-16 16:26:00 info: ::1 - - [16/Jul/2024:15:26:00 +0000] "GET /api/transactions HTTP/1.1" 403 30
2024-07-16 16:26:11 info: ::1 - - [16/Jul/2024:15:26:11 +0000] "GET /api/transactions HTTP/1.1" 403 30
2024-07-16 16:26:22 info: ::1 - - [16/Jul/2024:15:26:22 +0000] "POST /api/auth/signin HTTP/1.1" 200 331
2024-07-16 16:26:41 info: ::1 - - [16/Jul/2024:15:26:41 +0000] "GET /api/transactions HTTP/1.1" 403 30
2024-07-16 16:41:48 info: ================================
2024-07-16 16:41:48 info: ========== ENV: development =========
2024-07-16 16:41:48 info: 🚀 App listening on the port 4000
2024-07-16 16:41:48 info: ================================
2024-07-16 16:41:53 info: ======================
2024-07-16 16:41:53 info: MongoDB Connected:
2024-07-16 16:41:53 info: ======================
2024-07-16 16:41:56 info: ::1 - - [16/Jul/2024:15:41:56 +0000] "GET /api/transactions HTTP/1.1" 200 50
2024-07-16 16:43:16 info: ================================
2024-07-16 16:43:16 info: ========== ENV: development =========
2024-07-16 16:43:16 info: 🚀 App listening on the port 4000
2024-07-16 16:43:16 info: ================================
2024-07-16 16:43:21 info: ======================
2024-07-16 16:43:21 info: MongoDB Connected:
2024-07-16 16:43:21 info: ======================
2024-07-16 16:43:31 info: ::1 - - [16/Jul/2024:15:43:31 +0000] "GET /api/transactions HTTP/1.1" 200 50
2024-07-16 16:43:59 info: ::1 - - [16/Jul/2024:15:43:59 +0000] "GET /api/transactions HTTP/1.1" 403 54
2024-07-16 16:44:09 info: ::1 - - [16/Jul/2024:15:44:09 +0000] "GET /api/transactions HTTP/1.1" 200 50
2024-07-16 16:44:51 info: ::1 - - [16/Jul/2024:15:44:51 +0000] "GET /api/transactions/66967dd3e7e0a2409b7db HTTP/1.1" 500 -
2024-07-16 16:47:07 info: ================================
2024-07-16 16:47:07 info: ========== ENV: development =========
2024-07-16 16:47:07 info: 🚀 App listening on the port 4000
2024-07-16 16:47:07 info: ================================
2024-07-16 16:47:12 info: ======================
2024-07-16 16:47:12 info: MongoDB Connected:
2024-07-16 16:47:12 info: ======================
2024-07-16 16:47:18 info: ::1 - - [16/Jul/2024:15:47:18 +0000] "GET /api/transactions/66967dd3e7e0a2409b7db HTTP/1.1" 500 -
2024-07-16 16:48:38 info: ================================
2024-07-16 16:48:38 info: ========== ENV: development =========
2024-07-16 16:48:38 info: 🚀 App listening on the port 4000
2024-07-16 16:48:38 info: ================================
2024-07-16 16:48:43 info: ======================
2024-07-16 16:48:43 info: MongoDB Connected:
2024-07-16 16:48:43 info: ======================
2024-07-16 16:50:02 info: ::1 - - [16/Jul/2024:15:50:02 +0000] "GET /api/transactions/66967dd3e7e0a2409b7db HTTP/1.1" 500 -
2024-07-16 16:51:20 info: ================================
2024-07-16 16:51:20 info: ========== ENV: development =========
2024-07-16 16:51:20 info: 🚀 App listening on the port 4000
2024-07-16 16:51:20 info: ================================
2024-07-16 16:51:25 info: ======================
2024-07-16 16:51:25 info: MongoDB Connected:
2024-07-16 16:51:25 info: ======================
2024-07-16 16:51:28 info: ::1 - - [16/Jul/2024:15:51:28 +0000] "GET /api/transactions/66967dd3e7e0a2409b7db HTTP/1.1" 500 -
2024-07-16 17:03:51 info: ================================
2024-07-16 17:03:51 info: ========== ENV: development =========
2024-07-16 17:03:51 info: 🚀 App listening on the port 4000
2024-07-16 17:03:51 info: ================================
2024-07-16 17:03:56 info: ======================
2024-07-16 17:03:56 info: MongoDB Connected:
2024-07-16 17:03:56 info: ======================
2024-07-16 17:04:06 info: ::1 - - [16/Jul/2024:16:04:06 +0000] "GET /api/transactions/66967dd3e7e0a2409b7db HTTP/1.1" 500 -
2024-07-16 17:10:15 info: ================================
2024-07-16 17:10:15 info: ========== ENV: development =========
2024-07-16 17:10:15 info: 🚀 App listening on the port 4000
2024-07-16 17:10:15 info: ================================
2024-07-16 17:10:20 info: ======================
2024-07-16 17:10:20 info: MongoDB Connected:
2024-07-16 17:10:20 info: ======================
2024-07-16 17:10:23 info: ::1 - - [16/Jul/2024:16:10:23 +0000] "GET /api/transactions/66967dd3e7e0a2409b7db HTTP/1.1" 500 -
2024-07-16 17:26:49 info: ::1 - - [16/Jul/2024:16:26:49 +0000] "POST /api/transactions HTTP/1.1" 403 30
2024-07-16 17:28:45 info: ::1 - - [16/Jul/2024:16:28:45 +0000] "POST /api/auth/signup HTTP/1.1" 201 27
2024-07-16 17:28:59 info: ::1 - - [16/Jul/2024:16:28:59 +0000] "POST /api/auth/signin HTTP/1.1" 200 327
2024-07-16 17:29:20 info: ::1 - - [16/Jul/2024:16:29:20 +0000] "POST /api/transactions HTTP/1.1" 400 47
2024-07-16 17:29:57 info: ================================
2024-07-16 17:29:57 info: ========== ENV: development =========
2024-07-16 17:29:57 info: 🚀 App listening on the port 4000
2024-07-16 17:29:57 info: ================================
2024-07-16 17:30:01 info: ======================
2024-07-16 17:30:01 info: MongoDB Connected:
2024-07-16 17:30:01 info: ======================
2024-07-16 17:30:09 info: ::1 - - [16/Jul/2024:16:30:09 +0000] "POST /api/transactions HTTP/1.1" 400 46
2024-07-16 17:30:19 info: ::1 - - [16/Jul/2024:16:30:19 +0000] "POST /api/transactions HTTP/1.1" 400 46
2024-07-16 17:30:57 info: ::1 - - [16/Jul/2024:16:30:57 +0000] "POST /api/transactions HTTP/1.1" 201 159
2024-07-16 17:32:17 info: ::1 - - [16/Jul/2024:16:32:17 +0000] "GET /api/transactions/66967dd3e7e0a2409b7db?id=6696a04197568737ef8ebbdd HTTP/1.1" 403 91
2024-07-16 17:32:48 info: ::1 - - [16/Jul/2024:16:32:48 +0000] "GET /api/transactions/66967dd3e7e0a2409b7db?id=6696a04197568737ef8ebbdd HTTP/1.1" 500 -
2024-07-16 17:33:02 info: ::1 - - [16/Jul/2024:16:33:02 +0000] "GET /api/transactions/id=6696a04197568737ef8ebbdd HTTP/1.1" 500 -
2024-07-16 17:33:31 info: ::1 - - [16/Jul/2024:16:33:31 +0000] "GET /api/transactions/?id=6696a04197568737ef8ebbdd HTTP/1.1" 200 209
2024-07-16 17:50:52 info: ::1 - - [16/Jul/2024:16:50:52 +0000] "GET /api/transactions/?id=6696a04197568737ef8ebbdd HTTP/1.1" 200 209
2024-07-16 17:50:59 info: ::1 - - [16/Jul/2024:16:50:59 +0000] "GET /api/transactions/?id=6696a04197568737ef8ebbdd HTTP/1.1" 200 209
2024-07-16 17:59:48 info: ::1 - - [16/Jul/2024:16:59:48 +0000] "POST /api/transactions HTTP/1.1" 201 159
2024-07-16 18:00:10 info: ::1 - - [16/Jul/2024:17:00:10 +0000] "POST /api/transactions HTTP/1.1" 201 158
2024-07-16 18:00:36 info: ::1 - - [16/Jul/2024:17:00:36 +0000] "GET /api/transactions/?id=6696a04197568737ef8ebbdd HTTP/1.1" 200 528
2024-07-16 18:09:55 info: ================================
2024-07-16 18:09:55 info: ========== ENV: development =========
2024-07-16 18:09:55 info: 🚀 App listening on the port 4000
2024-07-16 18:09:55 info: ================================
2024-07-16 18:10:00 info: ======================
2024-07-16 18:10:00 info: MongoDB Connected:
2024-07-16 18:10:00 info: ======================
2024-07-16 18:16:34 info: ================================
2024-07-16 18:16:34 info: ========== ENV: development =========
2024-07-16 18:16:34 info: 🚀 App listening on the port 4000
2024-07-16 18:16:34 info: ================================
2024-07-16 18:16:39 info: ======================
2024-07-16 18:16:39 info: MongoDB Connected:
2024-07-16 18:16:39 info: ======================
2024-07-16 18:17:42 info: ================================
2024-07-16 18:17:42 info: ========== ENV: development =========
2024-07-16 18:17:42 info: 🚀 App listening on the port 4000
2024-07-16 18:17:42 info: ================================
2024-07-16 18:17:44 info: ======================
2024-07-16 18:17:44 info: MongoDB Connected:
2024-07-16 18:17:44 info: ======================
2024-07-16 18:17:47 info: ::1 - - [16/Jul/2024:17:17:47 +0000] "POST /api/transactions HTTP/1.1" 201 158
2024-07-16 18:17:51 info: ::1 - - [16/Jul/2024:17:17:51 +0000] "POST /api/transactions HTTP/1.1" 201 158
2024-07-16 18:18:02 info: ::1 - - [16/Jul/2024:17:18:02 +0000] "POST /api/transactions HTTP/1.1" 201 158
2024-07-16 18:18:07 info: ::1 - - [16/Jul/2024:17:18:07 +0000] "POST /api/transactions HTTP/1.1" 201 158
2024-07-16 18:18:09 info: ::1 - - [16/Jul/2024:17:18:09 +0000] "POST /api/transactions HTTP/1.1" 201 158
2024-07-16 18:18:10 info: ::1 - - [16/Jul/2024:17:18:10 +0000] "POST /api/transactions HTTP/1.1" 201 158
2024-07-16 18:18:27 info: ::1 - - [16/Jul/2024:17:18:27 +0000] "GET /api/transactions/?id=6696a04197568737ef8ebbdd HTTP/1.1" 200 -
2024-07-16 18:19:44 info: ::1 - - [16/Jul/2024:17:19:44 +0000] "GET /api/transactions-summary HTTP/1.1" 404 163
2024-07-16 18:20:17 info: ================================
2024-07-16 18:20:17 info: ========== ENV: development =========
2024-07-16 18:20:17 info: 🚀 App listening on the port 4000
2024-07-16 18:20:17 info: ================================
2024-07-16 18:20:22 info: ======================
2024-07-16 18:20:22 info: MongoDB Connected:
2024-07-16 18:20:22 info: ======================
2024-07-16 18:20:38 info: ::1 - - [16/Jul/2024:17:20:38 +0000] "GET /api/transactions-summary HTTP/1.1" 404 163
2024-07-16 18:23:17 info: ::1 - - [16/Jul/2024:17:23:17 +0000] "GET /api/transactions-summary HTTP/1.1" 404 163
2024-07-16 18:23:37 info: ================================
2024-07-16 18:23:37 info: ========== ENV: development =========
2024-07-16 18:23:37 info: 🚀 App listening on the port 4000
2024-07-16 18:23:37 info: ================================
2024-07-16 18:23:41 info: ======================
2024-07-16 18:23:41 info: MongoDB Connected:
2024-07-16 18:23:41 info: ======================
2024-07-16 18:23:46 info: ::1 - - [16/Jul/2024:17:23:46 +0000] "GET /api/transactions-summary HTTP/1.1" 200 55
2024-07-16 18:27:24 info: ================================
2024-07-16 18:27:24 info: ========== ENV: development =========
2024-07-16 18:27:24 info: 🚀 App listening on the port 4000
2024-07-16 18:27:24 info: ================================
2024-07-16 18:27:29 info: ======================
2024-07-16 18:27:29 info: MongoDB Connected:
2024-07-16 18:27:29 info: ======================
2024-07-16 18:28:14 info: ================================
2024-07-16 18:28:14 info: ========== ENV: development =========
2024-07-16 18:28:14 info: 🚀 App listening on the port 4000
2024-07-16 18:28:14 info: ================================
2024-07-16 18:28:15 info: ======================
2024-07-16 18:28:15 info: MongoDB Connected:
2024-07-16 18:28:15 info: ======================
2024-07-16 18:28:20 info: ::1 - - [16/Jul/2024:17:28:20 +0000] "POST /api/auth/signup HTTP/1.1" 201 27
2024-07-16 18:28:27 info: ::1 - - [16/Jul/2024:17:28:27 +0000] "POST /api/auth/signin HTTP/1.1" 200 330
2024-07-16 18:30:13 info: ::1 - - [16/Jul/2024:17:30:13 +0000] "POST /api/transactions HTTP/1.1" 201 160
2024-07-16 18:30:23 info: ::1 - - [16/Jul/2024:17:30:23 +0000] "POST /api/transactions HTTP/1.1" 201 160
2024-07-16 18:30:55 info: ::1 - - [16/Jul/2024:17:30:55 +0000] "POST /api/transactions HTTP/1.1" 400 75
2024-07-16 18:31:10 info: ::1 - - [16/Jul/2024:17:31:10 +0000] "POST /api/transactions HTTP/1.1" 201 158
2024-07-16 18:31:31 info: ::1 - - [16/Jul/2024:17:31:31 +0000] "GET /api/transactions-summary HTTP/1.1" 403 91
2024-07-16 18:31:52 info: ::1 - - [16/Jul/2024:17:31:52 +0000] "GET /api/transactions-summary HTTP/1.1" 200 54
2024-07-16 18:41:48 info: ::1 - - [16/Jul/2024:17:41:48 +0000] "POST /api/transactions HTTP/1.1" 201 157
2024-07-16 18:43:56 info: ::1 - - [16/Jul/2024:17:43:56 +0000] "GET /api/transactions-summary HTTP/1.1" 200 54
2024-07-16 19:12:20 info: ================================
2024-07-16 19:12:20 info: ========== ENV: development =========
2024-07-16 19:12:20 info: 🚀 App listening on the port 4000
2024-07-16 19:12:20 info: ================================
2024-07-16 19:12:24 info: ======================
2024-07-16 19:12:24 info: MongoDB Connected:
2024-07-16 19:12:24 info: ======================
2024-07-16 19:13:01 info: ================================
2024-07-16 19:13:01 info: ========== ENV: development =========
2024-07-16 19:13:01 info: 🚀 App listening on the port 4000
2024-07-16 19:13:01 info: ================================
2024-07-16 19:13:02 info: ======================
2024-07-16 19:13:02 info: MongoDB Connected:
2024-07-16 19:13:02 info: ======================
2024-07-16 19:25:13 info: ================================
2024-07-16 19:25:13 info: ========== ENV: development =========
2024-07-16 19:25:13 info: 🚀 App listening on the port 4000
2024-07-16 19:25:13 info: ================================
2024-07-16 19:25:17 info: ======================
2024-07-16 19:25:17 info: MongoDB Connected:
2024-07-16 19:25:18 info: ======================
2024-07-16 19:27:26 info: ================================
2024-07-16 19:27:26 info: ========== ENV: development =========
2024-07-16 19:27:26 info: 🚀 App listening on the port 4000
2024-07-16 19:27:26 info: ================================
2024-07-16 19:27:31 info: ======================
2024-07-16 19:27:31 info: MongoDB Connected:
2024-07-16 19:27:31 info: ======================
2024-07-16 19:33:52 info: ================================
2024-07-16 19:33:52 info: ========== ENV: development =========
2024-07-16 19:33:52 info: 🚀 App listening on the port 4000
2024-07-16 19:33:52 info: ================================
2024-07-16 19:33:56 info: ======================
2024-07-16 19:33:56 info: MongoDB Connected:
2024-07-16 19:33:56 info: ======================
2024-07-16 19:34:47 info: ================================
2024-07-16 19:34:47 info: ========== ENV: development =========
2024-07-16 19:34:47 info: 🚀 App listening on the port 4000
2024-07-16 19:34:47 info: ================================
2024-07-16 19:34:48 info: ======================
2024-07-16 19:34:48 info: MongoDB Connected:
2024-07-16 19:34:48 info: ======================
2024-07-16 19:48:28 info: ================================
2024-07-16 19:48:28 info: ========== ENV: development =========
2024-07-16 19:48:28 info: 🚀 App listening on the port 4000
2024-07-16 19:48:28 info: ================================
2024-07-16 19:48:32 info: ======================
2024-07-16 19:48:32 info: MongoDB Connected:
2024-07-16 19:48:32 info: ======================
2024-07-16 19:49:40 info: ================================
2024-07-16 19:49:40 info: ========== ENV: development =========
2024-07-16 19:49:40 info: 🚀 App listening on the port 4000
2024-07-16 19:49:40 info: ================================
2024-07-16 19:49:41 info: ======================
2024-07-16 19:49:41 info: MongoDB Connected:
2024-07-16 19:49:41 info: ======================
2024-07-16 19:49:50 info: ================================
2024-07-16 19:49:50 info: ========== ENV: development =========
2024-07-16 19:49:50 info: 🚀 App listening on the port 4000
2024-07-16 19:49:50 info: ================================
2024-07-16 19:49:55 info: ======================
2024-07-16 19:49:55 info: MongoDB Connected:
2024-07-16 19:49:55 info: ======================
2024-07-16 19:53:10 info: ================================
2024-07-16 19:53:10 info: ========== ENV: development =========
2024-07-16 19:53:10 info: 🚀 App listening on the port 4000
2024-07-16 19:53:10 info: ================================
2024-07-16 19:53:15 info: ======================
2024-07-16 19:53:15 info: MongoDB Connected:
2024-07-16 19:53:15 info: ======================
2024-07-16 19:53:33 info: ================================
2024-07-16 19:53:33 info: ========== ENV: development =========
2024-07-16 19:53:33 info: 🚀 App listening on the port 4000
2024-07-16 19:53:33 info: ================================
2024-07-16 19:53:34 info: ======================
2024-07-16 19:53:34 info: MongoDB Connected:
2024-07-16 19:53:34 info: ======================
2024-07-16 19:54:24 info: ================================
2024-07-16 19:54:24 info: ========== ENV: development =========
2024-07-16 19:54:24 info: 🚀 App listening on the port 4000
2024-07-16 19:54:24 info: ================================
2024-07-16 19:54:26 info: ======================
2024-07-16 19:54:26 info: MongoDB Connected:
2024-07-16 19:54:26 info: ======================
2024-07-16 22:32:31 info: ================================
2024-07-16 22:32:31 info: ========== ENV: development =========
2024-07-16 22:32:31 info: 🚀 App listening on the port 4000
2024-07-16 22:32:31 info: ================================
2024-07-16 22:32:36 info: ======================
2024-07-16 22:32:36 info: MongoDB Connected:
2024-07-16 22:32:36 info: ======================
2024-07-16 22:34:50 info: ================================
2024-07-16 22:34:50 info: ========== ENV: development =========
2024-07-16 22:34:50 info: 🚀 App listening on the port 4000
2024-07-16 22:34:50 info: ================================
2024-07-16 22:34:55 info: ======================
2024-07-16 22:34:55 info: MongoDB Connected:
2024-07-16 22:34:55 info: ======================
2024-07-16 22:37:02 info: ================================
2024-07-16 22:37:02 info: ========== ENV: development =========
2024-07-16 22:37:02 info: 🚀 App listening on the port 4000
2024-07-16 22:37:02 info: ================================
2024-07-16 22:37:07 info: ======================
2024-07-16 22:37:07 info: MongoDB Connected:
2024-07-16 22:37:07 info: ======================
2024-07-16 22:38:58 info: ================================
2024-07-16 22:38:58 info: ========== ENV: development =========
2024-07-16 22:38:58 info: 🚀 App listening on the port 4000
2024-07-16 22:38:58 info: ================================
2024-07-16 22:39:02 info: ======================
2024-07-16 22:39:02 info: MongoDB Connected:
2024-07-16 22:39:02 info: ======================
2024-07-16 23:07:03 info: ================================
2024-07-16 23:07:03 info: ========== ENV: development =========
2024-07-16 23:07:03 info: 🚀 App listening on the port 4000
2024-07-16 23:07:03 info: ================================
2024-07-16 23:07:07 info: ======================
2024-07-16 23:07:07 info: MongoDB Connected:
2024-07-16 23:07:07 info: ======================
2024-07-16 23:19:13 info: ================================
2024-07-16 23:19:13 info: ========== ENV: development =========
2024-07-16 23:19:13 info: 🚀 App listening on the port 4000
2024-07-16 23:19:13 info: ================================
2024-07-16 23:19:18 info: ======================
2024-07-16 23:19:18 info: MongoDB Connected:
2024-07-16 23:19:18 info: ======================
2024-07-16 23:23:43 info: ================================
2024-07-16 23:23:43 info: ========== ENV: development =========
2024-07-16 23:23:43 info: 🚀 App listening on the port 4000
2024-07-16 23:23:43 info: ================================
2024-07-16 23:23:47 info: ======================
2024-07-16 23:23:47 info: MongoDB Connected:
2024-07-16 23:23:47 info: ======================
2024-07-16 23:24:00 info: ::1 - - [16/Jul/2024:22:24:00 +0000] "POST /api/auth/signin HTTP/1.1" 200 330
2024-07-16 23:25:31 info: ::1 - - [16/Jul/2024:22:25:31 +0000] "POST /api/transactions HTTP/1.1" 201 157
2024-07-16 23:25:56 info: ::1 - - [16/Jul/2024:22:25:56 +0000] "PATCH /api/transactions/6696f35b495455204515f95b HTTP/1.1" 404 182
2024-07-16 23:26:52 info: ================================
2024-07-16 23:26:52 info: ========== ENV: development =========
2024-07-16 23:26:52 info: 🚀 App listening on the port 4000
2024-07-16 23:26:52 info: ================================
2024-07-16 23:26:57 info: ======================
2024-07-16 23:26:57 info: MongoDB Connected:
2024-07-16 23:26:57 info: ======================
2024-07-16 23:27:00 info: ::1 - - [16/Jul/2024:22:27:00 +0000] "PATCH /api/transactions/6696f35b495455204515f95b HTTP/1.1" 500 -
2024-07-16 23:29:23 info: ================================
2024-07-16 23:29:23 info: ========== ENV: development =========
2024-07-16 23:29:23 info: 🚀 App listening on the port 4000
2024-07-16 23:29:23 info: ================================
2024-07-16 23:29:23 error: ======================
2024-07-16 23:29:23 error: Mongo Err:  querySrv ETIMEOUT _mongodb._tcp.cluster0.0xdzh4f.mongodb.net
2024-07-16 23:29:23 error: ======================
2024-07-16 23:38:46 info: ::1 - - [16/Jul/2024:22:38:46 +0000] "PATCH /api/transactions/6696f35b495455204515f95b HTTP/1.1" 500 494
2024-07-16 23:40:35 info: ================================
2024-07-16 23:40:35 info: ========== ENV: development =========
2024-07-16 23:40:35 info: 🚀 App listening on the port 4000
2024-07-16 23:40:35 info: ================================
2024-07-16 23:40:40 info: ======================
2024-07-16 23:40:40 info: MongoDB Connected:
2024-07-16 23:40:40 info: ======================
2024-07-16 23:40:48 info: ::1 - - [16/Jul/2024:22:40:48 +0000] "PATCH /api/transactions/6696f35b495455204515f95b HTTP/1.1" 202 55
2024-07-16 23:46:09 info: ::1 - - [16/Jul/2024:22:46:09 +0000] "PATCH /api/transactions/6696f35b495455204515f95b HTTP/1.1" 202 55
2024-07-16 23:48:13 info: ================================
2024-07-16 23:48:13 info: ========== ENV: development =========
2024-07-16 23:48:13 info: 🚀 App listening on the port 4000
2024-07-16 23:48:13 info: ================================
2024-07-16 23:48:18 info: ======================
2024-07-16 23:48:18 info: MongoDB Connected:
2024-07-16 23:48:18 info: ======================
2024-07-16 23:48:43 info: ================================
2024-07-16 23:48:43 info: ========== ENV: development =========
2024-07-16 23:48:43 info: 🚀 App listening on the port 4000
2024-07-16 23:48:43 info: ================================
2024-07-16 23:48:45 info: ======================
2024-07-16 23:48:45 info: MongoDB Connected:
2024-07-16 23:48:45 info: ======================
2024-07-16 23:49:08 info: ::1 - - [16/Jul/2024:22:49:08 +0000] "PATCH /api/transactions/6696f35b495455204515f95b HTTP/1.1" 202 55
