2024-07-15 18:50:05 info: ================================
2024-07-15 18:50:05 info: ========== ENV: development =========
2024-07-15 18:50:05 info: 🚀 App listening on the port 4000
2024-07-15 18:50:05 info: ================================
2024-07-15 18:50:11 info: ======================
2024-07-15 18:50:11 info: ======================
2024-07-15 18:51:12 info: ================================
2024-07-15 18:51:12 info: ========== ENV: development =========
2024-07-15 18:51:12 info: 🚀 App listening on the port 4000
2024-07-15 18:51:12 info: ================================
2024-07-15 18:51:14 info: ======================
2024-07-15 18:51:14 info: MongoDB Connected:
2024-07-15 18:51:14 info: ======================
2024-07-15 18:52:15 info: ================================
2024-07-15 18:52:15 info: ========== ENV: development =========
2024-07-15 18:52:15 info: 🚀 App listening on the port 4000
2024-07-15 18:52:15 info: ================================
2024-07-15 18:52:20 info: ======================
2024-07-15 18:52:20 info: MongoDB Connected:
2024-07-15 18:52:20 info: ======================
2024-07-15 19:06:58 info: ================================
2024-07-15 19:06:58 info: ========== ENV: development =========
2024-07-15 19:06:58 info: 🚀 App listening on the port 4000
2024-07-15 19:06:58 info: ================================
2024-07-15 19:07:04 info: ======================
2024-07-15 19:07:04 info: MongoDB Connected:
2024-07-15 19:07:04 info: ======================
2024-07-15 19:08:28 info: ================================
2024-07-15 19:08:28 info: ========== ENV: development =========
2024-07-15 19:08:28 info: 🚀 App listening on the port 4000
2024-07-15 19:08:28 info: ================================
2024-07-15 19:08:33 info: ======================
2024-07-15 19:08:33 info: MongoDB Connected:
2024-07-15 19:08:33 info: ======================
2024-07-15 19:08:52 info: ================================
2024-07-15 19:08:52 info: ========== ENV: development =========
2024-07-15 19:08:52 info: 🚀 App listening on the port 4000
2024-07-15 19:08:52 info: ================================
2024-07-15 19:08:54 info: ======================
2024-07-15 19:08:54 info: MongoDB Connected:
2024-07-15 19:08:54 info: ======================
